<?xml version="1.0" encoding="UTF-8"?>
<coverage generated="1710930581501" clover="3.2.0">
  <project timestamp="1710930581501" name="All files">
    <metrics statements="81" coveredstatements="29" conditionals="18" coveredconditionals="3" methods="37" coveredmethods="8" elements="136" coveredelements="40" complexity="0" loc="81" ncloc="81" packages="4" files="14" classes="14"/>
    <package name="Mocktologist">
      <metrics statements="40" coveredstatements="11" conditionals="14" coveredconditionals="1" methods="18" coveredmethods="3"/>
      <file name="App.js" path="C:\Users\Bolu8\Desktop\La-fosse\Mocktologist_Frontend\Mocktologist\App.js">
        <metrics statements="2" coveredstatements="0" conditionals="0" coveredconditionals="0" methods="1" coveredmethods="0"/>
        <line num="5" count="0" type="stmt"/>
        <line num="7" count="0" type="stmt"/>
      </file>
      <file name="Navigation.js" path="C:\Users\Bolu8\Desktop\La-fosse\Mocktologist_Frontend\Mocktologist\Navigation.js">
        <metrics statements="24" coveredstatements="0" conditionals="13" coveredconditionals="0" methods="13" coveredmethods="0"/>
        <line num="10" count="0" type="stmt"/>
        <line num="12" count="0" type="stmt"/>
        <line num="13" count="0" type="stmt"/>
        <line num="21" count="0" type="stmt"/>
        <line num="23" count="0" type="stmt"/>
        <line num="33" count="0" type="stmt"/>
        <line num="35" count="0" type="stmt"/>
        <line num="46" count="0" type="stmt"/>
        <line num="50" count="0" type="stmt"/>
        <line num="66" count="0" type="stmt"/>
        <line num="67" count="0" type="stmt"/>
        <line num="68" count="0" type="stmt"/>
        <line num="71" count="0" type="stmt"/>
        <line num="75" count="0" type="stmt"/>
        <line num="81" count="0" type="cond" truecount="0" falsecount="5"/>
        <line num="82" count="0" type="stmt"/>
        <line num="84" count="0" type="stmt"/>
        <line num="85" count="0" type="cond" truecount="0" falsecount="2"/>
        <line num="86" count="0" type="cond" truecount="0" falsecount="2"/>
        <line num="87" count="0" type="cond" truecount="0" falsecount="2"/>
        <line num="88" count="0" type="cond" truecount="0" falsecount="2"/>
        <line num="89" count="0" type="stmt"/>
        <line num="95" count="0" type="stmt"/>
        <line num="107" count="0" type="stmt"/>
      </file>
      <file name="babel.config.js" path="C:\Users\Bolu8\Desktop\La-fosse\Mocktologist_Frontend\Mocktologist\babel.config.js">
        <metrics statements="3" coveredstatements="0" conditionals="0" coveredconditionals="0" methods="1" coveredmethods="0"/>
        <line num="1" count="0" type="stmt"/>
        <line num="2" count="0" type="stmt"/>
        <line num="3" count="0" type="stmt"/>
      </file>
      <file name="style.js" path="C:\Users\Bolu8\Desktop\La-fosse\Mocktologist_Frontend\Mocktologist\style.js">
        <metrics statements="11" coveredstatements="11" conditionals="1" coveredconditionals="1" methods="3" coveredmethods="3"/>
        <line num="3" count="2" type="stmt"/>
        <line num="4" count="2" type="stmt"/>
        <line num="6" count="2" type="stmt"/>
        <line num="8" count="2" type="stmt"/>
        <line num="9" count="66" type="stmt"/>
        <line num="11" count="2" type="stmt"/>
        <line num="12" count="58" type="stmt"/>
        <line num="14" count="2" type="cond" truecount="1" falsecount="0"/>
        <line num="15" count="34" type="stmt"/>
        <line num="18" count="2" type="stmt"/>
        <line num="234" count="2" type="stmt"/>
      </file>
    </package>
    <package name="Mocktologist.components">
      <metrics statements="0" coveredstatements="0" conditionals="0" coveredconditionals="0" methods="0" coveredmethods="0"/>
      <file name="index.js" path="C:\Users\Bolu8\Desktop\La-fosse\Mocktologist_Frontend\Mocktologist\components\index.js">
        <metrics statements="0" coveredstatements="0" conditionals="0" coveredconditionals="0" methods="0" coveredmethods="0"/>
      </file>
    </package>
    <package name="Mocktologist.hooks">
      <metrics statements="15" coveredstatements="3" conditionals="0" coveredconditionals="0" methods="5" coveredmethods="0"/>
      <file name="useAuth.js" path="C:\Users\Bolu8\Desktop\La-fosse\Mocktologist_Frontend\Mocktologist\hooks\useAuth.js">
        <metrics statements="15" coveredstatements="3" conditionals="0" coveredconditionals="0" methods="5" coveredmethods="0"/>
        <line num="2" count="1" type="stmt"/>
        <line num="4" count="1" type="stmt"/>
        <line num="5" count="0" type="stmt"/>
        <line num="6" count="0" type="stmt"/>
        <line num="7" count="0" type="stmt"/>
        <line num="8" count="0" type="stmt"/>
        <line num="10" count="0" type="stmt"/>
        <line num="11" count="0" type="stmt"/>
        <line num="14" count="0" type="stmt"/>
        <line num="15" count="0" type="stmt"/>
        <line num="18" count="0" type="stmt"/>
        <line num="19" count="0" type="stmt"/>
        <line num="30" count="0" type="stmt"/>
        <line num="33" count="1" type="stmt"/>
        <line num="34" count="0" type="stmt"/>
      </file>
    </package>
    <package name="Mocktologist.pages">
      <metrics statements="26" coveredstatements="15" conditionals="4" coveredconditionals="2" methods="14" coveredmethods="5"/>
      <file name="dash.js" path="C:\Users\Bolu8\Desktop\La-fosse\Mocktologist_Frontend\Mocktologist\pages\dash.js">
        <metrics statements="1" coveredstatements="0" conditionals="0" coveredconditionals="0" methods="1" coveredmethods="0"/>
        <line num="5" count="0" type="stmt"/>
      </file>
      <file name="diary.js" path="C:\Users\Bolu8\Desktop\La-fosse\Mocktologist_Frontend\Mocktologist\pages\diary.js">
        <metrics statements="1" coveredstatements="0" conditionals="0" coveredconditionals="0" methods="1" coveredmethods="0"/>
        <line num="5" count="0" type="stmt"/>
      </file>
      <file name="index.js" path="C:\Users\Bolu8\Desktop\La-fosse\Mocktologist_Frontend\Mocktologist\pages\index.js">
        <metrics statements="0" coveredstatements="0" conditionals="0" coveredconditionals="0" methods="0" coveredmethods="0"/>
      </file>
      <file name="landing.js" path="C:\Users\Bolu8\Desktop\La-fosse\Mocktologist_Frontend\Mocktologist\pages\landing.js">
        <metrics statements="18" coveredstatements="12" conditionals="4" coveredconditionals="2" methods="7" coveredmethods="3"/>
        <line num="7" count="3" type="stmt"/>
        <line num="8" count="3" type="stmt"/>
        <line num="9" count="3" type="stmt"/>
        <line num="11" count="3" type="stmt"/>
        <line num="12" count="1" type="stmt"/>
        <line num="15" count="3" type="stmt"/>
        <line num="16" count="1" type="stmt"/>
        <line num="19" count="3" type="stmt"/>
        <line num="20" count="0" type="stmt"/>
        <line num="21" count="0" type="stmt"/>
        <line num="24" count="3" type="stmt"/>
        <line num="25" count="0" type="stmt"/>
        <line num="26" count="0" type="stmt"/>
        <line num="29" count="3" type="stmt"/>
        <line num="30" count="0" type="stmt"/>
        <line num="35" count="3" type="stmt"/>
        <line num="36" count="0" type="stmt"/>
        <line num="45" count="3" type="stmt"/>
      </file>
      <file name="login.js" path="C:\Users\Bolu8\Desktop\La-fosse\Mocktologist_Frontend\Mocktologist\pages\login.js">
        <metrics statements="3" coveredstatements="3" conditionals="0" coveredconditionals="0" methods="2" coveredmethods="2"/>
        <line num="6" count="4" type="stmt"/>
        <line num="7" count="3" type="stmt"/>
        <line num="29" count="1" type="stmt"/>
      </file>
      <file name="profile.js" path="C:\Users\Bolu8\Desktop\La-fosse\Mocktologist_Frontend\Mocktologist\pages\profile.js">
        <metrics statements="1" coveredstatements="0" conditionals="0" coveredconditionals="0" methods="1" coveredmethods="0"/>
        <line num="5" count="0" type="stmt"/>
      </file>
      <file name="steps.js" path="C:\Users\Bolu8\Desktop\La-fosse\Mocktologist_Frontend\Mocktologist\pages\steps.js">
        <metrics statements="1" coveredstatements="0" conditionals="0" coveredconditionals="0" methods="1" coveredmethods="0"/>
        <line num="5" count="0" type="stmt"/>
      </file>
      <file name="top.js" path="C:\Users\Bolu8\Desktop\La-fosse\Mocktologist_Frontend\Mocktologist\pages\top.js">
        <metrics statements="1" coveredstatements="0" conditionals="0" coveredconditionals="0" methods="1" coveredmethods="0"/>
        <line num="5" count="0" type="stmt"/>
      </file>
    </package>
  </project>
</coverage>
