<?xml version="1.0" encoding="UTF-8"?>
<coverage generated="1710868610629" clover="3.2.0">
  <project timestamp="1710868610630" name="All files">
    <metrics statements="66" coveredstatements="17" conditionals="16" coveredconditionals="1" methods="32" coveredmethods="6" elements="114" coveredelements="24" complexity="0" loc="66" ncloc="66" packages="4" files="14" classes="14"/>
    <package name="Mocktologist">
      <metrics statements="35" coveredstatements="11" conditionals="16" coveredconditionals="1" methods="15" coveredmethods="3"/>
      <file name="App.js" path="C:\Users\Bolu8\Desktop\La-fosse\Mocktologist_Frontend\Mocktologist\App.js">
        <metrics statements="2" coveredstatements="0" conditionals="0" coveredconditionals="0" methods="1" coveredmethods="0"/>
        <line num="6" count="0" type="stmt"/>
        <line num="7" count="0" type="stmt"/>
      </file>
      <file name="Navigation.js" path="C:\Users\Bolu8\Desktop\La-fosse\Mocktologist_Frontend\Mocktologist\Navigation.js">
        <metrics statements="19" coveredstatements="0" conditionals="15" coveredconditionals="0" methods="10" coveredmethods="0"/>
        <line num="10" count="0" type="stmt"/>
        <line num="12" count="0" type="stmt"/>
        <line num="14" count="0" type="stmt"/>
        <line num="22" count="0" type="stmt"/>
        <line num="32" count="0" type="stmt"/>
        <line num="36" count="0" type="stmt"/>
        <line num="52" count="0" type="stmt"/>
        <line num="53" count="0" type="stmt"/>
        <line num="61" count="0" type="cond" truecount="0" falsecount="5"/>
        <line num="62" count="0" type="stmt"/>
        <line num="64" count="0" type="stmt"/>
        <line num="65" count="0" type="cond" truecount="0" falsecount="2"/>
        <line num="66" count="0" type="cond" truecount="0" falsecount="2"/>
        <line num="67" count="0" type="cond" truecount="0" falsecount="2"/>
        <line num="68" count="0" type="cond" truecount="0" falsecount="2"/>
        <line num="69" count="0" type="stmt"/>
        <line num="75" count="0" type="stmt"/>
        <line num="84" count="0" type="stmt"/>
        <line num="88" count="0" type="stmt"/>
      </file>
      <file name="babel.config.js" path="C:\Users\Bolu8\Desktop\La-fosse\Mocktologist_Frontend\Mocktologist\babel.config.js">
        <metrics statements="3" coveredstatements="0" conditionals="0" coveredconditionals="0" methods="1" coveredmethods="0"/>
        <line num="1" count="0" type="stmt"/>
        <line num="2" count="0" type="stmt"/>
        <line num="3" count="0" type="stmt"/>
      </file>
      <file name="style.js" path="C:\Users\Bolu8\Desktop\La-fosse\Mocktologist_Frontend\Mocktologist\style.js">
        <metrics statements="11" coveredstatements="11" conditionals="1" coveredconditionals="1" methods="3" coveredmethods="3"/>
        <line num="3" count="1" type="stmt"/>
        <line num="4" count="1" type="stmt"/>
        <line num="6" count="1" type="stmt"/>
        <line num="8" count="1" type="stmt"/>
        <line num="9" count="20" type="stmt"/>
        <line num="11" count="1" type="stmt"/>
        <line num="12" count="20" type="stmt"/>
        <line num="14" count="1" type="cond" truecount="1" falsecount="0"/>
        <line num="15" count="8" type="stmt"/>
        <line num="18" count="1" type="stmt"/>
        <line num="163" count="1" type="stmt"/>
      </file>
    </package>
    <package name="Mocktologist.components">
      <metrics statements="0" coveredstatements="0" conditionals="0" coveredconditionals="0" methods="0" coveredmethods="0"/>
      <file name="index.js" path="C:\Users\Bolu8\Desktop\La-fosse\Mocktologist_Frontend\Mocktologist\components\index.js">
        <metrics statements="0" coveredstatements="0" conditionals="0" coveredconditionals="0" methods="0" coveredmethods="0"/>
      </file>
    </package>
    <package name="Mocktologist.hooks">
      <metrics statements="15" coveredstatements="0" conditionals="0" coveredconditionals="0" methods="5" coveredmethods="0"/>
      <file name="useAuth.js" path="C:\Users\Bolu8\Desktop\La-fosse\Mocktologist_Frontend\Mocktologist\hooks\useAuth.js">
        <metrics statements="15" coveredstatements="0" conditionals="0" coveredconditionals="0" methods="5" coveredmethods="0"/>
        <line num="2" count="0" type="stmt"/>
        <line num="4" count="0" type="stmt"/>
        <line num="5" count="0" type="stmt"/>
        <line num="6" count="0" type="stmt"/>
        <line num="7" count="0" type="stmt"/>
        <line num="8" count="0" type="stmt"/>
        <line num="10" count="0" type="stmt"/>
        <line num="11" count="0" type="stmt"/>
        <line num="14" count="0" type="stmt"/>
        <line num="15" count="0" type="stmt"/>
        <line num="18" count="0" type="stmt"/>
        <line num="19" count="0" type="stmt"/>
        <line num="30" count="0" type="stmt"/>
        <line num="33" count="0" type="stmt"/>
        <line num="34" count="0" type="stmt"/>
      </file>
    </package>
    <package name="Mocktologist.pages">
      <metrics statements="16" coveredstatements="6" conditionals="0" coveredconditionals="0" methods="12" coveredmethods="3"/>
      <file name="dash.js" path="C:\Users\Bolu8\Desktop\La-fosse\Mocktologist_Frontend\Mocktologist\pages\dash.js">
        <metrics statements="1" coveredstatements="0" conditionals="0" coveredconditionals="0" methods="1" coveredmethods="0"/>
        <line num="5" count="0" type="stmt"/>
      </file>
      <file name="diary.js" path="C:\Users\Bolu8\Desktop\La-fosse\Mocktologist_Frontend\Mocktologist\pages\diary.js">
        <metrics statements="1" coveredstatements="0" conditionals="0" coveredconditionals="0" methods="1" coveredmethods="0"/>
        <line num="5" count="0" type="stmt"/>
      </file>
      <file name="index.js" path="C:\Users\Bolu8\Desktop\La-fosse\Mocktologist_Frontend\Mocktologist\pages\index.js">
        <metrics statements="0" coveredstatements="0" conditionals="0" coveredconditionals="0" methods="0" coveredmethods="0"/>
      </file>
      <file name="landing.js" path="C:\Users\Bolu8\Desktop\La-fosse\Mocktologist_Frontend\Mocktologist\pages\landing.js">
        <metrics statements="7" coveredstatements="6" conditionals="0" coveredconditionals="0" methods="4" coveredmethods="3"/>
        <line num="7" count="3" type="stmt"/>
        <line num="9" count="3" type="stmt"/>
        <line num="10" count="1" type="stmt"/>
        <line num="13" count="3" type="stmt"/>
        <line num="14" count="1" type="stmt"/>
        <line num="17" count="3" type="stmt"/>
        <line num="20" count="0" type="stmt"/>
      </file>
      <file name="login.js" path="C:\Users\Bolu8\Desktop\La-fosse\Mocktologist_Frontend\Mocktologist\pages\login.js">
        <metrics statements="4" coveredstatements="0" conditionals="0" coveredconditionals="0" methods="3" coveredmethods="0"/>
        <line num="6" count="0" type="stmt"/>
        <line num="7" count="0" type="stmt"/>
        <line num="10" count="0" type="stmt"/>
        <line num="15" count="0" type="stmt"/>
      </file>
      <file name="profile.js" path="C:\Users\Bolu8\Desktop\La-fosse\Mocktologist_Frontend\Mocktologist\pages\profile.js">
        <metrics statements="1" coveredstatements="0" conditionals="0" coveredconditionals="0" methods="1" coveredmethods="0"/>
        <line num="5" count="0" type="stmt"/>
      </file>
      <file name="steps.js" path="C:\Users\Bolu8\Desktop\La-fosse\Mocktologist_Frontend\Mocktologist\pages\steps.js">
        <metrics statements="1" coveredstatements="0" conditionals="0" coveredconditionals="0" methods="1" coveredmethods="0"/>
        <line num="5" count="0" type="stmt"/>
      </file>
      <file name="top.js" path="C:\Users\Bolu8\Desktop\La-fosse\Mocktologist_Frontend\Mocktologist\pages\top.js">
        <metrics statements="1" coveredstatements="0" conditionals="0" coveredconditionals="0" methods="1" coveredmethods="0"/>
        <line num="5" count="0" type="stmt"/>
      </file>
    </package>
  </project>
</coverage>
