{"C:\\Users\\Bolu8\\Desktop\\La-fosse\\Mocktologist_Frontend\\Mocktologist\\App.js": {"path":"C:\\Users\\Bolu8\\Desktop\\La-fosse\\Mocktologist_Frontend\\Mocktologist\\App.js","statementMap":{"0":{"start":{"line":7,"column":12},"end":{"line":18,"column":1}},"1":{"start":{"line":9,"column":2},"end":{"line":17,"column":3}}},"fnMap":{"0":{"name":"(anonymous_0)","decl":{"start":{"line":7,"column":12},"end":{"line":7,"column":13}},"loc":{"start":{"line":7,"column":18},"end":{"line":18,"column":1}},"line":7}},"branchMap":{},"s":{"0":0,"1":0},"f":{"0":0},"b":{}}
,"C:\\Users\\Bolu8\\Desktop\\La-fosse\\Mocktologist_Frontend\\Mocktologist\\Navigation.js": {"path":"C:\\Users\\Bolu8\\Desktop\\La-fosse\\Mocktologist_Frontend\\Mocktologist\\Navigation.js","statementMap":{"0":{"start":{"line":12,"column":15},"end":{"line":12,"column":38}},"1":{"start":{"line":14,"column":19},"end":{"line":77,"column":1}},"2":{"start":{"line":16,"column":28},"end":{"line":16,"column":45}},"3":{"start":{"line":17,"column":22},"end":{"line":17,"column":31}},"4":{"start":{"line":19,"column":26},"end":{"line":50,"column":6}},"5":{"start":{"line":19,"column":47},"end":{"line":50,"column":5}},"6":{"start":{"line":27,"column":12},"end":{"line":36,"column":33}},"7":{"start":{"line":29,"column":31},"end":{"line":29,"column":54}},"8":{"start":{"line":39,"column":12},"end":{"line":47,"column":33}},"9":{"start":{"line":41,"column":31},"end":{"line":41,"column":61}},"10":{"start":{"line":52,"column":4},"end":{"line":76,"column":6}},"11":{"start":{"line":56,"column":40},"end":{"line":56,"column":79}},"12":{"start":{"line":79,"column":33},"end":{"line":133,"column":1}},"13":{"start":{"line":80,"column":45},"end":{"line":80,"column":62}},"14":{"start":{"line":82,"column":29},"end":{"line":86,"column":5}},"15":{"start":{"line":83,"column":8},"end":{"line":83,"column":28}},"16":{"start":{"line":84,"column":8},"end":{"line":84,"column":26}},"17":{"start":{"line":85,"column":8},"end":{"line":85,"column":56}},"18":{"start":{"line":88,"column":4},"end":{"line":132,"column":6}},"19":{"start":{"line":96,"column":16},"end":{"line":117,"column":17}},"20":{"start":{"line":97,"column":20},"end":{"line":97,"column":32}},"21":{"start":{"line":99,"column":40},"end":{"line":99,"column":62}},"22":{"start":{"line":100,"column":34},"end":{"line":100,"column":102}},"23":{"start":{"line":101,"column":38},"end":{"line":101,"column":83}},"24":{"start":{"line":102,"column":41},"end":{"line":102,"column":90}},"25":{"start":{"line":103,"column":41},"end":{"line":103,"column":90}},"26":{"start":{"line":104,"column":20},"end":{"line":116,"column":22}},"27":{"start":{"line":110,"column":51},"end":{"line":110,"column":82}},"28":{"start":{"line":125,"column":20},"end":{"line":125,"column":51}}},"fnMap":{"0":{"name":"(anonymous_0)","decl":{"start":{"line":14,"column":19},"end":{"line":14,"column":20}},"loc":{"start":{"line":14,"column":25},"end":{"line":77,"column":1}},"line":14},"1":{"name":"(anonymous_1)","decl":{"start":{"line":19,"column":26},"end":{"line":19,"column":27}},"loc":{"start":{"line":19,"column":47},"end":{"line":50,"column":5}},"line":19},"2":{"name":"(anonymous_2)","decl":{"start":{"line":26,"column":20},"end":{"line":26,"column":21}},"loc":{"start":{"line":27,"column":12},"end":{"line":36,"column":33}},"line":27},"3":{"name":"(anonymous_3)","decl":{"start":{"line":29,"column":25},"end":{"line":29,"column":26}},"loc":{"start":{"line":29,"column":31},"end":{"line":29,"column":54}},"line":29},"4":{"name":"(anonymous_4)","decl":{"start":{"line":38,"column":21},"end":{"line":38,"column":22}},"loc":{"start":{"line":39,"column":12},"end":{"line":47,"column":33}},"line":39},"5":{"name":"(anonymous_5)","decl":{"start":{"line":41,"column":25},"end":{"line":41,"column":26}},"loc":{"start":{"line":41,"column":31},"end":{"line":41,"column":61}},"line":41},"6":{"name":"(anonymous_6)","decl":{"start":{"line":56,"column":31},"end":{"line":56,"column":32}},"loc":{"start":{"line":56,"column":40},"end":{"line":56,"column":79}},"line":56},"7":{"name":"(anonymous_7)","decl":{"start":{"line":79,"column":33},"end":{"line":79,"column":34}},"loc":{"start":{"line":79,"column":73},"end":{"line":133,"column":1}},"line":79},"8":{"name":"(anonymous_8)","decl":{"start":{"line":82,"column":29},"end":{"line":82,"column":30}},"loc":{"start":{"line":82,"column":35},"end":{"line":86,"column":5}},"line":82},"9":{"name":"(anonymous_9)","decl":{"start":{"line":95,"column":30},"end":{"line":95,"column":31}},"loc":{"start":{"line":95,"column":48},"end":{"line":118,"column":13}},"line":95},"10":{"name":"(anonymous_10)","decl":{"start":{"line":110,"column":45},"end":{"line":110,"column":46}},"loc":{"start":{"line":110,"column":51},"end":{"line":110,"column":82}},"line":110},"11":{"name":"(anonymous_11)","decl":{"start":{"line":124,"column":101},"end":{"line":124,"column":102}},"loc":{"start":{"line":124,"column":107},"end":{"line":126,"column":17}},"line":124}},"branchMap":{"0":{"loc":{"start":{"line":96,"column":16},"end":{"line":117,"column":17}},"type":"if","locations":[{"start":{"line":96,"column":16},"end":{"line":117,"column":17}},{"start":{"line":98,"column":23},"end":{"line":117,"column":17}}],"line":96},"1":{"loc":{"start":{"line":96,"column":20},"end":{"line":96,"column":287}},"type":"binary-expr","locations":[{"start":{"line":96,"column":20},"end":{"line":96,"column":44}},{"start":{"line":96,"column":48},"end":{"line":96,"column":70}},{"start":{"line":96,"column":74},"end":{"line":96,"column":99}},{"start":{"line":96,"column":103},"end":{"line":96,"column":129}},{"start":{"line":96,"column":133},"end":{"line":96,"column":153}},{"start":{"line":96,"column":157},"end":{"line":96,"column":180}},{"start":{"line":96,"column":184},"end":{"line":96,"column":209}},{"start":{"line":96,"column":213},"end":{"line":96,"column":235}},{"start":{"line":96,"column":239},"end":{"line":96,"column":260}},{"start":{"line":96,"column":264},"end":{"line":96,"column":287}}],"line":96},"2":{"loc":{"start":{"line":100,"column":34},"end":{"line":100,"column":102}},"type":"cond-expr","locations":[{"start":{"line":100,"column":70},"end":{"line":100,"column":89}},{"start":{"line":100,"column":92},"end":{"line":100,"column":102}}],"line":100},"3":{"loc":{"start":{"line":101,"column":38},"end":{"line":101,"column":83}},"type":"cond-expr","locations":[{"start":{"line":101,"column":57},"end":{"line":101,"column":76}},{"start":{"line":101,"column":79},"end":{"line":101,"column":83}}],"line":101},"4":{"loc":{"start":{"line":102,"column":41},"end":{"line":102,"column":90}},"type":"cond-expr","locations":[{"start":{"line":102,"column":63},"end":{"line":102,"column":83}},{"start":{"line":102,"column":86},"end":{"line":102,"column":90}}],"line":102},"5":{"loc":{"start":{"line":103,"column":41},"end":{"line":103,"column":90}},"type":"cond-expr","locations":[{"start":{"line":103,"column":65},"end":{"line":103,"column":83}},{"start":{"line":103,"column":86},"end":{"line":103,"column":90}}],"line":103},"6":{"loc":{"start":{"line":114,"column":29},"end":{"line":114,"column":83}},"type":"binary-expr","locations":[{"start":{"line":114,"column":29},"end":{"line":114,"column":45}},{"start":{"line":114,"column":49},"end":{"line":114,"column":83}}],"line":114}},"s":{"0":0,"1":0,"2":0,"3":0,"4":0,"5":0,"6":0,"7":0,"8":0,"9":0,"10":0,"11":0,"12":0,"13":0,"14":0,"15":0,"16":0,"17":0,"18":0,"19":0,"20":0,"21":0,"22":0,"23":0,"24":0,"25":0,"26":0,"27":0,"28":0},"f":{"0":0,"1":0,"2":0,"3":0,"4":0,"5":0,"6":0,"7":0,"8":0,"9":0,"10":0,"11":0},"b":{"0":[0,0],"1":[0,0,0,0,0,0,0,0,0,0],"2":[0,0],"3":[0,0],"4":[0,0],"5":[0,0],"6":[0,0]}}
,"C:\\Users\\Bolu8\\Desktop\\La-fosse\\Mocktologist_Frontend\\Mocktologist\\babel.config.js": {"path":"C:\\Users\\Bolu8\\Desktop\\La-fosse\\Mocktologist_Frontend\\Mocktologist\\babel.config.js","statementMap":{"0":{"start":{"line":1,"column":0},"end":{"line":6,"column":2}},"1":{"start":{"line":2,"column":2},"end":{"line":2,"column":18}},"2":{"start":{"line":3,"column":2},"end":{"line":5,"column":4}}},"fnMap":{"0":{"name":"(anonymous_0)","decl":{"start":{"line":1,"column":17},"end":{"line":1,"column":18}},"loc":{"start":{"line":1,"column":31},"end":{"line":6,"column":1}},"line":1}},"branchMap":{},"s":{"0":0,"1":0,"2":0},"f":{"0":0},"b":{}}
,"C:\\Users\\Bolu8\\Desktop\\La-fosse\\Mocktologist_Frontend\\Mocktologist\\style.js": {"path":"C:\\Users\\Bolu8\\Desktop\\La-fosse\\Mocktologist_Frontend\\Mocktologist\\style.js","statementMap":{"0":{"start":{"line":3,"column":27},"end":{"line":3,"column":30}},"1":{"start":{"line":4,"column":28},"end":{"line":4,"column":31}},"2":{"start":{"line":6,"column":26},"end":{"line":6,"column":50}},"3":{"start":{"line":8,"column":24},"end":{"line":10,"column":1}},"4":{"start":{"line":9,"column":4},"end":{"line":9,"column":46}},"5":{"start":{"line":11,"column":22},"end":{"line":13,"column":1}},"6":{"start":{"line":12,"column":4},"end":{"line":12,"column":48}},"7":{"start":{"line":14,"column":22},"end":{"line":16,"column":1}},"8":{"start":{"line":15,"column":4},"end":{"line":15,"column":57}},"9":{"start":{"line":18,"column":15},"end":{"line":618,"column":2}},"10":{"start":{"line":620,"column":0},"end":{"line":620,"column":23}}},"fnMap":{"0":{"name":"(anonymous_0)","decl":{"start":{"line":8,"column":24},"end":{"line":8,"column":25}},"loc":{"start":{"line":8,"column":34},"end":{"line":10,"column":1}},"line":8},"1":{"name":"(anonymous_1)","decl":{"start":{"line":11,"column":22},"end":{"line":11,"column":23}},"loc":{"start":{"line":11,"column":32},"end":{"line":13,"column":1}},"line":11},"2":{"name":"(anonymous_2)","decl":{"start":{"line":14,"column":22},"end":{"line":14,"column":23}},"loc":{"start":{"line":14,"column":46},"end":{"line":16,"column":1}},"line":14}},"branchMap":{"0":{"loc":{"start":{"line":14,"column":29},"end":{"line":14,"column":41}},"type":"default-arg","locations":[{"start":{"line":14,"column":38},"end":{"line":14,"column":41}}],"line":14}},"s":{"0":6,"1":6,"2":6,"3":6,"4":732,"5":6,"6":588,"7":6,"8":444,"9":6,"10":6},"f":{"0":732,"1":588,"2":444},"b":{"0":[444]},"_coverageSchema":"1a1c01bbd47fc00a2c39e90264f33305004495a9","hash":"2ded1ed720463fee13c678d8b93a60a3c2a4f328"}
,"C:\\Users\\Bolu8\\Desktop\\La-fosse\\Mocktologist_Frontend\\Mocktologist\\pages\\accept.js": {"path":"C:\\Users\\Bolu8\\Desktop\\La-fosse\\Mocktologist_Frontend\\Mocktologist\\pages\\accept.js","statementMap":{"0":{"start":{"line":13,"column":22},"end":{"line":13,"column":36}},"1":{"start":{"line":15,"column":69},"end":{"line":15,"column":86}},"2":{"start":{"line":17,"column":67},"end":{"line":17,"column":79}},"3":{"start":{"line":19,"column":37},"end":{"line":19,"column":46}},"4":{"start":{"line":21,"column":28},"end":{"line":21,"column":40}},"5":{"start":{"line":22,"column":34},"end":{"line":22,"column":46}},"6":{"start":{"line":23,"column":42},"end":{"line":23,"column":54}},"7":{"start":{"line":24,"column":30},"end":{"line":24,"column":42}},"8":{"start":{"line":25,"column":28},"end":{"line":25,"column":40}},"9":{"start":{"line":26,"column":34},"end":{"line":26,"column":49}},"10":{"start":{"line":28,"column":4},"end":{"line":32,"column":19}},"11":{"start":{"line":29,"column":8},"end":{"line":31,"column":9}},"12":{"start":{"line":30,"column":12},"end":{"line":30,"column":28}},"13":{"start":{"line":35,"column":25},"end":{"line":64,"column":5}},"14":{"start":{"line":36,"column":26},"end":{"line":62,"column":9}},"15":{"start":{"line":37,"column":12},"end":{"line":61,"column":13}},"16":{"start":{"line":38,"column":32},"end":{"line":52,"column":17}},"17":{"start":{"line":53,"column":33},"end":{"line":53,"column":111}},"18":{"start":{"line":54,"column":16},"end":{"line":57,"column":17}},"19":{"start":{"line":55,"column":20},"end":{"line":55,"column":48}},"20":{"start":{"line":56,"column":20},"end":{"line":56,"column":32}},"21":{"start":{"line":58,"column":16},"end":{"line":58,"column":47}},"22":{"start":{"line":60,"column":16},"end":{"line":60,"column":37}},"23":{"start":{"line":63,"column":8},"end":{"line":63,"column":19}},"24":{"start":{"line":66,"column":26},"end":{"line":69,"column":5}},"25":{"start":{"line":67,"column":8},"end":{"line":67,"column":24}},"26":{"start":{"line":68,"column":8},"end":{"line":68,"column":18}},"27":{"start":{"line":71,"column":21},"end":{"line":106,"column":5}},"28":{"start":{"line":72,"column":8},"end":{"line":105,"column":9}},"29":{"start":{"line":73,"column":28},"end":{"line":83,"column":13}},"30":{"start":{"line":84,"column":29},"end":{"line":84,"column":100}},"31":{"start":{"line":85,"column":12},"end":{"line":102,"column":13}},"32":{"start":{"line":86,"column":29},"end":{"line":86,"column":50}},"33":{"start":{"line":87,"column":16},"end":{"line":87,"column":34}},"34":{"start":{"line":88,"column":16},"end":{"line":88,"column":33}},"35":{"start":{"line":89,"column":16},"end":{"line":89,"column":34}},"36":{"start":{"line":90,"column":16},"end":{"line":90,"column":40}},"37":{"start":{"line":91,"column":26},"end":{"line":91,"column":84}},"38":{"start":{"line":91,"column":51},"end":{"line":91,"column":79}},"39":{"start":{"line":92,"column":26},"end":{"line":92,"column":72}},"40":{"start":{"line":92,"column":51},"end":{"line":92,"column":71}},"41":{"start":{"line":93,"column":16},"end":{"line":93,"column":53}},"42":{"start":{"line":95,"column":16},"end":{"line":99,"column":17}},"43":{"start":{"line":95,"column":45},"end":{"line":95,"column":70}},"44":{"start":{"line":96,"column":20},"end":{"line":96,"column":75}},"45":{"start":{"line":96,"column":49},"end":{"line":96,"column":74}},"46":{"start":{"line":98,"column":20},"end":{"line":98,"column":74}},"47":{"start":{"line":98,"column":49},"end":{"line":98,"column":73}},"48":{"start":{"line":100,"column":16},"end":{"line":100,"column":51}},"49":{"start":{"line":101,"column":16},"end":{"line":101,"column":33}},"50":{"start":{"line":104,"column":12},"end":{"line":104,"column":33}},"51":{"start":{"line":109,"column":4},"end":{"line":113,"column":19}},"52":{"start":{"line":110,"column":8},"end":{"line":112,"column":9}},"53":{"start":{"line":111,"column":12},"end":{"line":111,"column":22}},"54":{"start":{"line":115,"column":29},"end":{"line":118,"column":5}},"55":{"start":{"line":116,"column":8},"end":{"line":116,"column":29}},"56":{"start":{"line":117,"column":8},"end":{"line":117,"column":27}},"57":{"start":{"line":120,"column":20},"end":{"line":124,"column":5}},"58":{"start":{"line":121,"column":8},"end":{"line":123,"column":10}},"59":{"start":{"line":127,"column":18},"end":{"line":136,"column":5}},"60":{"start":{"line":128,"column":8},"end":{"line":135,"column":9}},"61":{"start":{"line":138,"column":4},"end":{"line":154,"column":5}},"62":{"start":{"line":139,"column":8},"end":{"line":153,"column":9}},"63":{"start":{"line":156,"column":4},"end":{"line":182,"column":5}},"64":{"start":{"line":170,"column":28},"end":{"line":170,"column":93}}},"fnMap":{"0":{"name":"Accept","decl":{"start":{"line":11,"column":24},"end":{"line":11,"column":30}},"loc":{"start":{"line":11,"column":47},"end":{"line":183,"column":1}},"line":11},"1":{"name":"(anonymous_1)","decl":{"start":{"line":28,"column":14},"end":{"line":28,"column":15}},"loc":{"start":{"line":28,"column":20},"end":{"line":32,"column":5}},"line":28},"2":{"name":"(anonymous_2)","decl":{"start":{"line":35,"column":25},"end":{"line":35,"column":26}},"loc":{"start":{"line":35,"column":31},"end":{"line":64,"column":5}},"line":35},"3":{"name":"(anonymous_3)","decl":{"start":{"line":36,"column":26},"end":{"line":36,"column":27}},"loc":{"start":{"line":36,"column":38},"end":{"line":62,"column":9}},"line":36},"4":{"name":"(anonymous_4)","decl":{"start":{"line":66,"column":26},"end":{"line":66,"column":27}},"loc":{"start":{"line":66,"column":32},"end":{"line":69,"column":5}},"line":66},"5":{"name":"(anonymous_5)","decl":{"start":{"line":71,"column":21},"end":{"line":71,"column":22}},"loc":{"start":{"line":71,"column":33},"end":{"line":106,"column":5}},"line":71},"6":{"name":"(anonymous_6)","decl":{"start":{"line":91,"column":46},"end":{"line":91,"column":47}},"loc":{"start":{"line":91,"column":51},"end":{"line":91,"column":79}},"line":91},"7":{"name":"(anonymous_7)","decl":{"start":{"line":92,"column":46},"end":{"line":92,"column":47}},"loc":{"start":{"line":92,"column":51},"end":{"line":92,"column":71}},"line":92},"8":{"name":"(anonymous_8)","decl":{"start":{"line":95,"column":40},"end":{"line":95,"column":41}},"loc":{"start":{"line":95,"column":45},"end":{"line":95,"column":70}},"line":95},"9":{"name":"(anonymous_9)","decl":{"start":{"line":96,"column":44},"end":{"line":96,"column":45}},"loc":{"start":{"line":96,"column":49},"end":{"line":96,"column":74}},"line":96},"10":{"name":"(anonymous_10)","decl":{"start":{"line":98,"column":44},"end":{"line":98,"column":45}},"loc":{"start":{"line":98,"column":49},"end":{"line":98,"column":73}},"line":98},"11":{"name":"(anonymous_11)","decl":{"start":{"line":109,"column":14},"end":{"line":109,"column":15}},"loc":{"start":{"line":109,"column":20},"end":{"line":113,"column":5}},"line":109},"12":{"name":"(anonymous_12)","decl":{"start":{"line":115,"column":29},"end":{"line":115,"column":30}},"loc":{"start":{"line":115,"column":35},"end":{"line":118,"column":5}},"line":115},"13":{"name":"(anonymous_13)","decl":{"start":{"line":120,"column":20},"end":{"line":120,"column":21}},"loc":{"start":{"line":120,"column":26},"end":{"line":124,"column":5}},"line":120},"14":{"name":"(anonymous_14)","decl":{"start":{"line":127,"column":18},"end":{"line":127,"column":19}},"loc":{"start":{"line":127,"column":24},"end":{"line":136,"column":5}},"line":127},"15":{"name":"(anonymous_15)","decl":{"start":{"line":169,"column":41},"end":{"line":169,"column":42}},"loc":{"start":{"line":170,"column":28},"end":{"line":170,"column":93}},"line":170}},"branchMap":{"0":{"loc":{"start":{"line":29,"column":8},"end":{"line":31,"column":9}},"type":"if","locations":[{"start":{"line":29,"column":8},"end":{"line":31,"column":9}},{"start":{},"end":{}}],"line":29},"1":{"loc":{"start":{"line":54,"column":16},"end":{"line":57,"column":17}},"type":"if","locations":[{"start":{"line":54,"column":16},"end":{"line":57,"column":17}},{"start":{},"end":{}}],"line":54},"2":{"loc":{"start":{"line":85,"column":12},"end":{"line":102,"column":13}},"type":"if","locations":[{"start":{"line":85,"column":12},"end":{"line":102,"column":13}},{"start":{},"end":{}}],"line":85},"3":{"loc":{"start":{"line":95,"column":16},"end":{"line":99,"column":17}},"type":"if","locations":[{"start":{"line":95,"column":16},"end":{"line":99,"column":17}},{"start":{"line":97,"column":23},"end":{"line":99,"column":17}}],"line":95},"4":{"loc":{"start":{"line":110,"column":8},"end":{"line":112,"column":9}},"type":"if","locations":[{"start":{"line":110,"column":8},"end":{"line":112,"column":9}},{"start":{},"end":{}}],"line":110},"5":{"loc":{"start":{"line":138,"column":4},"end":{"line":154,"column":5}},"type":"if","locations":[{"start":{"line":138,"column":4},"end":{"line":154,"column":5}},{"start":{},"end":{}}],"line":138},"6":{"loc":{"start":{"line":142,"column":21},"end":{"line":142,"column":47}},"type":"binary-expr","locations":[{"start":{"line":142,"column":21},"end":{"line":142,"column":32}},{"start":{"line":142,"column":36},"end":{"line":142,"column":47}}],"line":142},"7":{"loc":{"start":{"line":143,"column":21},"end":{"line":143,"column":43}},"type":"binary-expr","locations":[{"start":{"line":143,"column":21},"end":{"line":143,"column":30}},{"start":{"line":143,"column":34},"end":{"line":143,"column":43}}],"line":143},"8":{"loc":{"start":{"line":159,"column":17},"end":{"line":159,"column":43}},"type":"binary-expr","locations":[{"start":{"line":159,"column":17},"end":{"line":159,"column":28}},{"start":{"line":159,"column":32},"end":{"line":159,"column":43}}],"line":159},"9":{"loc":{"start":{"line":160,"column":17},"end":{"line":160,"column":39}},"type":"binary-expr","locations":[{"start":{"line":160,"column":17},"end":{"line":160,"column":26}},{"start":{"line":160,"column":30},"end":{"line":160,"column":39}}],"line":160}},"s":{"0":0,"1":0,"2":0,"3":0,"4":0,"5":0,"6":0,"7":0,"8":0,"9":0,"10":0,"11":0,"12":0,"13":0,"14":0,"15":0,"16":0,"17":0,"18":0,"19":0,"20":0,"21":0,"22":0,"23":0,"24":0,"25":0,"26":0,"27":0,"28":0,"29":0,"30":0,"31":0,"32":0,"33":0,"34":0,"35":0,"36":0,"37":0,"38":0,"39":0,"40":0,"41":0,"42":0,"43":0,"44":0,"45":0,"46":0,"47":0,"48":0,"49":0,"50":0,"51":0,"52":0,"53":0,"54":0,"55":0,"56":0,"57":0,"58":0,"59":0,"60":0,"61":0,"62":0,"63":0,"64":0},"f":{"0":0,"1":0,"2":0,"3":0,"4":0,"5":0,"6":0,"7":0,"8":0,"9":0,"10":0,"11":0,"12":0,"13":0,"14":0,"15":0},"b":{"0":[0,0],"1":[0,0],"2":[0,0],"3":[0,0],"4":[0,0],"5":[0,0],"6":[0,0],"7":[0,0],"8":[0,0],"9":[0,0]}}
,"C:\\Users\\Bolu8\\Desktop\\La-fosse\\Mocktologist_Frontend\\Mocktologist\\pages\\complete.js": {"path":"C:\\Users\\Bolu8\\Desktop\\La-fosse\\Mocktologist_Frontend\\Mocktologist\\pages\\complete.js","statementMap":{"0":{"start":{"line":12,"column":30},"end":{"line":12,"column":39}},"1":{"start":{"line":14,"column":32},"end":{"line":14,"column":43}},"2":{"start":{"line":15,"column":30},"end":{"line":15,"column":42}},"3":{"start":{"line":16,"column":38},"end":{"line":16,"column":50}},"4":{"start":{"line":17,"column":28},"end":{"line":17,"column":43}},"5":{"start":{"line":18,"column":24},"end":{"line":18,"column":35}},"6":{"start":{"line":20,"column":22},"end":{"line":20,"column":36}},"7":{"start":{"line":22,"column":25},"end":{"line":31,"column":5}},"8":{"start":{"line":34,"column":4},"end":{"line":61,"column":19}},"9":{"start":{"line":35,"column":8},"end":{"line":60,"column":9}},"10":{"start":{"line":36,"column":26},"end":{"line":54,"column":13}},"11":{"start":{"line":37,"column":16},"end":{"line":53,"column":17}},"12":{"start":{"line":38,"column":36},"end":{"line":45,"column":21}},"13":{"start":{"line":46,"column":37},"end":{"line":46,"column":126}},"14":{"start":{"line":47,"column":33},"end":{"line":47,"column":54}},"15":{"start":{"line":48,"column":20},"end":{"line":50,"column":21}},"16":{"start":{"line":49,"column":24},"end":{"line":49,"column":38}},"17":{"start":{"line":52,"column":20},"end":{"line":52,"column":41}},"18":{"start":{"line":55,"column":12},"end":{"line":55,"column":19}},"19":{"start":{"line":56,"column":12},"end":{"line":56,"column":144}},"20":{"start":{"line":57,"column":12},"end":{"line":57,"column":24}},"21":{"start":{"line":58,"column":29},"end":{"line":58,"column":76}},"22":{"start":{"line":59,"column":12},"end":{"line":59,"column":48}},"23":{"start":{"line":63,"column":22},"end":{"line":79,"column":5}},"24":{"start":{"line":64,"column":21},"end":{"line":69,"column":10}},"25":{"start":{"line":71,"column":8},"end":{"line":78,"column":9}},"26":{"start":{"line":72,"column":12},"end":{"line":77,"column":13}},"27":{"start":{"line":73,"column":38},"end":{"line":73,"column":85}},"28":{"start":{"line":74,"column":16},"end":{"line":74,"column":70}},"29":{"start":{"line":76,"column":16},"end":{"line":76,"column":63}},"30":{"start":{"line":81,"column":32},"end":{"line":116,"column":5}},"31":{"start":{"line":82,"column":8},"end":{"line":115,"column":9}},"32":{"start":{"line":83,"column":32},"end":{"line":83,"column":122}},"33":{"start":{"line":85,"column":26},"end":{"line":85,"column":36}},"34":{"start":{"line":86,"column":25},"end":{"line":86,"column":39}},"35":{"start":{"line":87,"column":25},"end":{"line":87,"column":61}},"36":{"start":{"line":88,"column":28},"end":{"line":88,"column":42}},"37":{"start":{"line":89,"column":32},"end":{"line":89,"column":34}},"38":{"start":{"line":90,"column":28},"end":{"line":93,"column":13}},"39":{"start":{"line":94,"column":29},"end":{"line":101,"column":14}},"40":{"start":{"line":103,"column":12},"end":{"line":105,"column":13}},"41":{"start":{"line":104,"column":16},"end":{"line":104,"column":68}},"42":{"start":{"line":107,"column":33},"end":{"line":107,"column":54}},"43":{"start":{"line":108,"column":12},"end":{"line":108,"column":70}},"44":{"start":{"line":109,"column":12},"end":{"line":109,"column":56}},"45":{"start":{"line":110,"column":12},"end":{"line":110,"column":59}},"46":{"start":{"line":111,"column":12},"end":{"line":111,"column":25}},"47":{"start":{"line":113,"column":12},"end":{"line":113,"column":69}},"48":{"start":{"line":114,"column":12},"end":{"line":114,"column":24}},"49":{"start":{"line":118,"column":23},"end":{"line":147,"column":5}},"50":{"start":{"line":119,"column":8},"end":{"line":119,"column":21}},"51":{"start":{"line":120,"column":8},"end":{"line":144,"column":9}},"52":{"start":{"line":121,"column":28},"end":{"line":133,"column":13}},"53":{"start":{"line":134,"column":29},"end":{"line":134,"column":106}},"54":{"start":{"line":135,"column":12},"end":{"line":140,"column":13}},"55":{"start":{"line":136,"column":16},"end":{"line":139,"column":25}},"56":{"start":{"line":137,"column":20},"end":{"line":137,"column":34}},"57":{"start":{"line":138,"column":20},"end":{"line":138,"column":52}},"58":{"start":{"line":142,"column":12},"end":{"line":142,"column":26}},"59":{"start":{"line":143,"column":12},"end":{"line":143,"column":33}},"60":{"start":{"line":149,"column":4},"end":{"line":159,"column":5}},"61":{"start":{"line":150,"column":8},"end":{"line":158,"column":9}},"62":{"start":{"line":161,"column":4},"end":{"line":203,"column":6}},"63":{"start":{"line":194,"column":38},"end":{"line":194,"column":59}}},"fnMap":{"0":{"name":"Complete","decl":{"start":{"line":10,"column":24},"end":{"line":10,"column":32}},"loc":{"start":{"line":10,"column":49},"end":{"line":204,"column":1}},"line":10},"1":{"name":"(anonymous_1)","decl":{"start":{"line":34,"column":14},"end":{"line":34,"column":15}},"loc":{"start":{"line":34,"column":20},"end":{"line":61,"column":5}},"line":34},"2":{"name":"(anonymous_2)","decl":{"start":{"line":36,"column":26},"end":{"line":36,"column":27}},"loc":{"start":{"line":36,"column":38},"end":{"line":54,"column":13}},"line":36},"3":{"name":"(anonymous_3)","decl":{"start":{"line":63,"column":22},"end":{"line":63,"column":23}},"loc":{"start":{"line":63,"column":34},"end":{"line":79,"column":5}},"line":63},"4":{"name":"(anonymous_4)","decl":{"start":{"line":81,"column":32},"end":{"line":81,"column":33}},"loc":{"start":{"line":81,"column":52},"end":{"line":116,"column":5}},"line":81},"5":{"name":"(anonymous_5)","decl":{"start":{"line":118,"column":23},"end":{"line":118,"column":24}},"loc":{"start":{"line":118,"column":35},"end":{"line":147,"column":5}},"line":118},"6":{"name":"(anonymous_6)","decl":{"start":{"line":136,"column":27},"end":{"line":136,"column":28}},"loc":{"start":{"line":136,"column":33},"end":{"line":139,"column":17}},"line":136},"7":{"name":"(anonymous_7)","decl":{"start":{"line":194,"column":30},"end":{"line":194,"column":31}},"loc":{"start":{"line":194,"column":38},"end":{"line":194,"column":59}},"line":194}},"branchMap":{"0":{"loc":{"start":{"line":35,"column":8},"end":{"line":60,"column":9}},"type":"if","locations":[{"start":{"line":35,"column":8},"end":{"line":60,"column":9}},{"start":{},"end":{}}],"line":35},"1":{"loc":{"start":{"line":48,"column":20},"end":{"line":50,"column":21}},"type":"if","locations":[{"start":{"line":48,"column":20},"end":{"line":50,"column":21}},{"start":{},"end":{}}],"line":48},"2":{"loc":{"start":{"line":71,"column":8},"end":{"line":78,"column":9}},"type":"if","locations":[{"start":{"line":71,"column":8},"end":{"line":78,"column":9}},{"start":{},"end":{}}],"line":71},"3":{"loc":{"start":{"line":103,"column":12},"end":{"line":105,"column":13}},"type":"if","locations":[{"start":{"line":103,"column":12},"end":{"line":105,"column":13}},{"start":{},"end":{}}],"line":103},"4":{"loc":{"start":{"line":135,"column":12},"end":{"line":140,"column":13}},"type":"if","locations":[{"start":{"line":135,"column":12},"end":{"line":140,"column":13}},{"start":{},"end":{}}],"line":135},"5":{"loc":{"start":{"line":149,"column":4},"end":{"line":159,"column":5}},"type":"if","locations":[{"start":{"line":149,"column":4},"end":{"line":159,"column":5}},{"start":{},"end":{}}],"line":149}},"s":{"0":0,"1":0,"2":0,"3":0,"4":0,"5":0,"6":0,"7":0,"8":0,"9":0,"10":0,"11":0,"12":0,"13":0,"14":0,"15":0,"16":0,"17":0,"18":0,"19":0,"20":0,"21":0,"22":0,"23":0,"24":0,"25":0,"26":0,"27":0,"28":0,"29":0,"30":0,"31":0,"32":0,"33":0,"34":0,"35":0,"36":0,"37":0,"38":0,"39":0,"40":0,"41":0,"42":0,"43":0,"44":0,"45":0,"46":0,"47":0,"48":0,"49":0,"50":0,"51":0,"52":0,"53":0,"54":0,"55":0,"56":0,"57":0,"58":0,"59":0,"60":0,"61":0,"62":0,"63":0},"f":{"0":0,"1":0,"2":0,"3":0,"4":0,"5":0,"6":0,"7":0},"b":{"0":[0,0],"1":[0,0],"2":[0,0],"3":[0,0],"4":[0,0],"5":[0,0]}}
,"C:\\Users\\Bolu8\\Desktop\\La-fosse\\Mocktologist_Frontend\\Mocktologist\\pages\\dash.js": {"path":"C:\\Users\\Bolu8\\Desktop\\La-fosse\\Mocktologist_Frontend\\Mocktologist\\pages\\dash.js","statementMap":{"0":{"start":{"line":11,"column":32},"end":{"line":11,"column":47}},"1":{"start":{"line":12,"column":36},"end":{"line":12,"column":51}},"2":{"start":{"line":13,"column":44},"end":{"line":13,"column":56}},"3":{"start":{"line":14,"column":48},"end":{"line":14,"column":57}},"4":{"start":{"line":15,"column":22},"end":{"line":15,"column":36}},"5":{"start":{"line":17,"column":69},"end":{"line":17,"column":86}},"6":{"start":{"line":19,"column":4},"end":{"line":39,"column":19}},"7":{"start":{"line":20,"column":32},"end":{"line":35,"column":9}},"8":{"start":{"line":21,"column":28},"end":{"line":26,"column":13}},"9":{"start":{"line":27,"column":29},"end":{"line":27,"column":118}},"10":{"start":{"line":28,"column":12},"end":{"line":31,"column":13}},"11":{"start":{"line":29,"column":16},"end":{"line":29,"column":32}},"12":{"start":{"line":30,"column":16},"end":{"line":30,"column":22}},"13":{"start":{"line":32,"column":25},"end":{"line":32,"column":46}},"14":{"start":{"line":33,"column":12},"end":{"line":33,"column":27}},"15":{"start":{"line":34,"column":12},"end":{"line":34,"column":33}},"16":{"start":{"line":36,"column":8},"end":{"line":38,"column":9}},"17":{"start":{"line":37,"column":12},"end":{"line":37,"column":29}},"18":{"start":{"line":42,"column":32},"end":{"line":44,"column":5}},"19":{"start":{"line":43,"column":8},"end":{"line":43,"column":34}},"20":{"start":{"line":46,"column":29},"end":{"line":49,"column":5}},"21":{"start":{"line":47,"column":8},"end":{"line":47,"column":29}},"22":{"start":{"line":48,"column":8},"end":{"line":48,"column":27}},"23":{"start":{"line":51,"column":20},"end":{"line":55,"column":5}},"24":{"start":{"line":52,"column":8},"end":{"line":54,"column":10}},"25":{"start":{"line":57,"column":18},"end":{"line":66,"column":5}},"26":{"start":{"line":58,"column":8},"end":{"line":65,"column":9}},"27":{"start":{"line":68,"column":4},"end":{"line":90,"column":5}},"28":{"start":{"line":69,"column":8},"end":{"line":89,"column":9}},"29":{"start":{"line":92,"column":4},"end":{"line":113,"column":6}}},"fnMap":{"0":{"name":"Dash","decl":{"start":{"line":10,"column":24},"end":{"line":10,"column":28}},"loc":{"start":{"line":10,"column":45},"end":{"line":114,"column":1}},"line":10},"1":{"name":"(anonymous_1)","decl":{"start":{"line":19,"column":14},"end":{"line":19,"column":15}},"loc":{"start":{"line":19,"column":20},"end":{"line":39,"column":5}},"line":19},"2":{"name":"(anonymous_2)","decl":{"start":{"line":20,"column":32},"end":{"line":20,"column":33}},"loc":{"start":{"line":20,"column":44},"end":{"line":35,"column":9}},"line":20},"3":{"name":"(anonymous_3)","decl":{"start":{"line":42,"column":32},"end":{"line":42,"column":33}},"loc":{"start":{"line":42,"column":38},"end":{"line":44,"column":5}},"line":42},"4":{"name":"(anonymous_4)","decl":{"start":{"line":46,"column":29},"end":{"line":46,"column":30}},"loc":{"start":{"line":46,"column":35},"end":{"line":49,"column":5}},"line":46},"5":{"name":"(anonymous_5)","decl":{"start":{"line":51,"column":20},"end":{"line":51,"column":21}},"loc":{"start":{"line":51,"column":26},"end":{"line":55,"column":5}},"line":51},"6":{"name":"(anonymous_6)","decl":{"start":{"line":57,"column":18},"end":{"line":57,"column":19}},"loc":{"start":{"line":57,"column":24},"end":{"line":66,"column":5}},"line":57}},"branchMap":{"0":{"loc":{"start":{"line":28,"column":12},"end":{"line":31,"column":13}},"type":"if","locations":[{"start":{"line":28,"column":12},"end":{"line":31,"column":13}},{"start":{},"end":{}}],"line":28},"1":{"loc":{"start":{"line":36,"column":8},"end":{"line":38,"column":9}},"type":"if","locations":[{"start":{"line":36,"column":8},"end":{"line":38,"column":9}},{"start":{},"end":{}}],"line":36},"2":{"loc":{"start":{"line":68,"column":4},"end":{"line":90,"column":5}},"type":"if","locations":[{"start":{"line":68,"column":4},"end":{"line":90,"column":5}},{"start":{},"end":{}}],"line":68},"3":{"loc":{"start":{"line":72,"column":21},"end":{"line":72,"column":47}},"type":"binary-expr","locations":[{"start":{"line":72,"column":21},"end":{"line":72,"column":32}},{"start":{"line":72,"column":36},"end":{"line":72,"column":47}}],"line":72},"4":{"loc":{"start":{"line":73,"column":21},"end":{"line":73,"column":43}},"type":"binary-expr","locations":[{"start":{"line":73,"column":21},"end":{"line":73,"column":30}},{"start":{"line":73,"column":34},"end":{"line":73,"column":43}}],"line":73},"5":{"loc":{"start":{"line":95,"column":17},"end":{"line":95,"column":43}},"type":"binary-expr","locations":[{"start":{"line":95,"column":17},"end":{"line":95,"column":28}},{"start":{"line":95,"column":32},"end":{"line":95,"column":43}}],"line":95},"6":{"loc":{"start":{"line":96,"column":17},"end":{"line":96,"column":39}},"type":"binary-expr","locations":[{"start":{"line":96,"column":17},"end":{"line":96,"column":26}},{"start":{"line":96,"column":30},"end":{"line":96,"column":39}}],"line":96}},"s":{"0":3,"1":3,"2":3,"3":3,"4":0,"5":0,"6":0,"7":0,"8":0,"9":0,"10":0,"11":0,"12":0,"13":0,"14":0,"15":0,"16":0,"17":0,"18":0,"19":0,"20":0,"21":0,"22":0,"23":0,"24":0,"25":0,"26":0,"27":0,"28":0,"29":0},"f":{"0":3,"1":0,"2":0,"3":0,"4":0,"5":0,"6":0},"b":{"0":[0,0],"1":[0,0],"2":[0,0],"3":[0,0],"4":[0,0],"5":[0,0],"6":[0,0]},"_coverageSchema":"1a1c01bbd47fc00a2c39e90264f33305004495a9","hash":"b310af9716268c11acae77340505a02a3e81b600"}
,"C:\\Users\\Bolu8\\Desktop\\La-fosse\\Mocktologist_Frontend\\Mocktologist\\pages\\diary.js": {"path":"C:\\Users\\Bolu8\\Desktop\\La-fosse\\Mocktologist_Frontend\\Mocktologist\\pages\\diary.js","statementMap":{"0":{"start":{"line":10,"column":69},"end":{"line":10,"column":86}},"1":{"start":{"line":11,"column":22},"end":{"line":11,"column":36}},"2":{"start":{"line":12,"column":30},"end":{"line":12,"column":39}},"3":{"start":{"line":13,"column":32},"end":{"line":13,"column":44}},"4":{"start":{"line":15,"column":4},"end":{"line":38,"column":20}},"5":{"start":{"line":16,"column":29},"end":{"line":34,"column":9}},"6":{"start":{"line":17,"column":12},"end":{"line":33,"column":13}},"7":{"start":{"line":18,"column":32},"end":{"line":23,"column":17}},"8":{"start":{"line":24,"column":33},"end":{"line":24,"column":118}},"9":{"start":{"line":25,"column":16},"end":{"line":28,"column":17}},"10":{"start":{"line":26,"column":20},"end":{"line":26,"column":56}},"11":{"start":{"line":27,"column":20},"end":{"line":27,"column":27}},"12":{"start":{"line":29,"column":29},"end":{"line":29,"column":50}},"13":{"start":{"line":30,"column":16},"end":{"line":30,"column":32}},"14":{"start":{"line":32,"column":16},"end":{"line":32,"column":63}},"15":{"start":{"line":35,"column":8},"end":{"line":37,"column":9}},"16":{"start":{"line":36,"column":12},"end":{"line":36,"column":27}},"17":{"start":{"line":40,"column":29},"end":{"line":43,"column":5}},"18":{"start":{"line":41,"column":8},"end":{"line":41,"column":30}},"19":{"start":{"line":42,"column":8},"end":{"line":42,"column":28}},"20":{"start":{"line":45,"column":20},"end":{"line":47,"column":5}},"21":{"start":{"line":46,"column":8},"end":{"line":46,"column":47}},"22":{"start":{"line":49,"column":18},"end":{"line":58,"column":5}},"23":{"start":{"line":50,"column":8},"end":{"line":57,"column":10}},"24":{"start":{"line":60,"column":28},"end":{"line":62,"column":5}},"25":{"start":{"line":61,"column":8},"end":{"line":61,"column":153}},"26":{"start":{"line":64,"column":4},"end":{"line":81,"column":6}},"27":{"start":{"line":75,"column":51},"end":{"line":75,"column":67}}},"fnMap":{"0":{"name":"Diary","decl":{"start":{"line":9,"column":24},"end":{"line":9,"column":29}},"loc":{"start":{"line":9,"column":32},"end":{"line":82,"column":1}},"line":9},"1":{"name":"(anonymous_1)","decl":{"start":{"line":15,"column":14},"end":{"line":15,"column":15}},"loc":{"start":{"line":15,"column":20},"end":{"line":38,"column":5}},"line":15},"2":{"name":"(anonymous_2)","decl":{"start":{"line":16,"column":29},"end":{"line":16,"column":30}},"loc":{"start":{"line":16,"column":41},"end":{"line":34,"column":9}},"line":16},"3":{"name":"(anonymous_3)","decl":{"start":{"line":40,"column":29},"end":{"line":40,"column":30}},"loc":{"start":{"line":40,"column":35},"end":{"line":43,"column":5}},"line":40},"4":{"name":"(anonymous_4)","decl":{"start":{"line":45,"column":20},"end":{"line":45,"column":21}},"loc":{"start":{"line":45,"column":26},"end":{"line":47,"column":5}},"line":45},"5":{"name":"(anonymous_5)","decl":{"start":{"line":49,"column":18},"end":{"line":49,"column":19}},"loc":{"start":{"line":49,"column":24},"end":{"line":58,"column":5}},"line":49},"6":{"name":"(anonymous_6)","decl":{"start":{"line":60,"column":28},"end":{"line":60,"column":29}},"loc":{"start":{"line":61,"column":8},"end":{"line":61,"column":153}},"line":61},"7":{"name":"(anonymous_7)","decl":{"start":{"line":75,"column":34},"end":{"line":75,"column":35}},"loc":{"start":{"line":75,"column":51},"end":{"line":75,"column":67}},"line":75}},"branchMap":{"0":{"loc":{"start":{"line":25,"column":16},"end":{"line":28,"column":17}},"type":"if","locations":[{"start":{"line":25,"column":16},"end":{"line":28,"column":17}},{"start":{},"end":{}}],"line":25},"1":{"loc":{"start":{"line":35,"column":8},"end":{"line":37,"column":9}},"type":"if","locations":[{"start":{"line":35,"column":8},"end":{"line":37,"column":9}},{"start":{},"end":{}}],"line":35},"2":{"loc":{"start":{"line":67,"column":17},"end":{"line":67,"column":43}},"type":"binary-expr","locations":[{"start":{"line":67,"column":17},"end":{"line":67,"column":28}},{"start":{"line":67,"column":32},"end":{"line":67,"column":43}}],"line":67},"3":{"loc":{"start":{"line":68,"column":17},"end":{"line":68,"column":39}},"type":"binary-expr","locations":[{"start":{"line":68,"column":17},"end":{"line":68,"column":26}},{"start":{"line":68,"column":30},"end":{"line":68,"column":39}}],"line":68}},"s":{"0":2,"1":2,"2":0,"3":0,"4":0,"5":0,"6":0,"7":0,"8":0,"9":0,"10":0,"11":0,"12":0,"13":0,"14":0,"15":0,"16":0,"17":0,"18":0,"19":0,"20":0,"21":0,"22":0,"23":0,"24":0,"25":0,"26":0,"27":0},"f":{"0":2,"1":0,"2":0,"3":0,"4":0,"5":0,"6":0,"7":0},"b":{"0":[0,0],"1":[0,0],"2":[0,0],"3":[0,0]},"_coverageSchema":"1a1c01bbd47fc00a2c39e90264f33305004495a9","hash":"9884b80b1532c62889535e36995b80fc61286936"}
,"C:\\Users\\Bolu8\\Desktop\\La-fosse\\Mocktologist_Frontend\\Mocktologist\\pages\\index.js": {"path":"C:\\Users\\Bolu8\\Desktop\\La-fosse\\Mocktologist_Frontend\\Mocktologist\\pages\\index.js","statementMap":{},"fnMap":{},"branchMap":{},"s":{},"f":{},"b":{}}
,"C:\\Users\\Bolu8\\Desktop\\La-fosse\\Mocktologist_Frontend\\Mocktologist\\pages\\landing.js": {"path":"C:\\Users\\Bolu8\\Desktop\\La-fosse\\Mocktologist_Frontend\\Mocktologist\\pages\\landing.js","statementMap":{"0":{"start":{"line":9,"column":23},"end":{"line":9,"column":38}},"1":{"start":{"line":10,"column":42},"end":{"line":10,"column":57}},"2":{"start":{"line":11,"column":38},"end":{"line":11,"column":53}},"3":{"start":{"line":12,"column":70},"end":{"line":12,"column":79}},"4":{"start":{"line":14,"column":29},"end":{"line":21,"column":5}},"5":{"start":{"line":15,"column":8},"end":{"line":15,"column":23}},"6":{"start":{"line":16,"column":8},"end":{"line":16,"column":24}},"7":{"start":{"line":17,"column":8},"end":{"line":17,"column":27}},"8":{"start":{"line":18,"column":8},"end":{"line":18,"column":23}},"9":{"start":{"line":19,"column":8},"end":{"line":19,"column":23}},"10":{"start":{"line":20,"column":8},"end":{"line":20,"column":37}},"11":{"start":{"line":23,"column":32},"end":{"line":30,"column":5}},"12":{"start":{"line":24,"column":8},"end":{"line":24,"column":23}},"13":{"start":{"line":25,"column":8},"end":{"line":25,"column":24}},"14":{"start":{"line":26,"column":8},"end":{"line":26,"column":27}},"15":{"start":{"line":27,"column":8},"end":{"line":27,"column":23}},"16":{"start":{"line":28,"column":8},"end":{"line":28,"column":23}},"17":{"start":{"line":29,"column":8},"end":{"line":29,"column":40}},"18":{"start":{"line":32,"column":29},"end":{"line":35,"column":5}},"19":{"start":{"line":33,"column":8},"end":{"line":33,"column":29}},"20":{"start":{"line":34,"column":8},"end":{"line":34,"column":26}},"21":{"start":{"line":37,"column":29},"end":{"line":40,"column":5}},"22":{"start":{"line":38,"column":8},"end":{"line":38,"column":29}},"23":{"start":{"line":39,"column":8},"end":{"line":39,"column":27}},"24":{"start":{"line":42,"column":20},"end":{"line":46,"column":5}},"25":{"start":{"line":43,"column":8},"end":{"line":45,"column":10}},"26":{"start":{"line":48,"column":18},"end":{"line":57,"column":5}},"27":{"start":{"line":49,"column":8},"end":{"line":56,"column":9}},"28":{"start":{"line":59,"column":4},"end":{"line":84,"column":6}}},"fnMap":{"0":{"name":"Landing","decl":{"start":{"line":8,"column":24},"end":{"line":8,"column":31}},"loc":{"start":{"line":8,"column":34},"end":{"line":85,"column":1}},"line":8},"1":{"name":"(anonymous_1)","decl":{"start":{"line":14,"column":29},"end":{"line":14,"column":30}},"loc":{"start":{"line":14,"column":35},"end":{"line":21,"column":5}},"line":14},"2":{"name":"(anonymous_2)","decl":{"start":{"line":23,"column":32},"end":{"line":23,"column":33}},"loc":{"start":{"line":23,"column":38},"end":{"line":30,"column":5}},"line":23},"3":{"name":"(anonymous_3)","decl":{"start":{"line":32,"column":29},"end":{"line":32,"column":30}},"loc":{"start":{"line":32,"column":35},"end":{"line":35,"column":5}},"line":32},"4":{"name":"(anonymous_4)","decl":{"start":{"line":37,"column":29},"end":{"line":37,"column":30}},"loc":{"start":{"line":37,"column":35},"end":{"line":40,"column":5}},"line":37},"5":{"name":"(anonymous_5)","decl":{"start":{"line":42,"column":20},"end":{"line":42,"column":21}},"loc":{"start":{"line":42,"column":26},"end":{"line":46,"column":5}},"line":42},"6":{"name":"(anonymous_6)","decl":{"start":{"line":48,"column":18},"end":{"line":48,"column":19}},"loc":{"start":{"line":48,"column":24},"end":{"line":57,"column":5}},"line":48}},"branchMap":{"0":{"loc":{"start":{"line":65,"column":17},"end":{"line":65,"column":43}},"type":"binary-expr","locations":[{"start":{"line":65,"column":17},"end":{"line":65,"column":28}},{"start":{"line":65,"column":32},"end":{"line":65,"column":43}}],"line":65},"1":{"loc":{"start":{"line":66,"column":17},"end":{"line":66,"column":39}},"type":"binary-expr","locations":[{"start":{"line":66,"column":17},"end":{"line":66,"column":26}},{"start":{"line":66,"column":30},"end":{"line":66,"column":39}}],"line":66}},"s":{"0":3,"1":0,"2":0,"3":0,"4":0,"5":0,"6":0,"7":0,"8":0,"9":0,"10":0,"11":0,"12":0,"13":0,"14":0,"15":0,"16":0,"17":0,"18":0,"19":0,"20":0,"21":0,"22":0,"23":0,"24":0,"25":0,"26":0,"27":0,"28":0},"f":{"0":3,"1":0,"2":0,"3":0,"4":0,"5":0,"6":0},"b":{"0":[0,0],"1":[0,0]},"_coverageSchema":"1a1c01bbd47fc00a2c39e90264f33305004495a9","hash":"e3ed085f1f1864878798e996cdad5821a9f9d20d"}
,"C:\\Users\\Bolu8\\Desktop\\La-fosse\\Mocktologist_Frontend\\Mocktologist\\pages\\login.js": {"path":"C:\\Users\\Bolu8\\Desktop\\La-fosse\\Mocktologist_Frontend\\Mocktologist\\pages\\login.js","statementMap":{"0":{"start":{"line":7,"column":117},"end":{"line":7,"column":126}},"1":{"start":{"line":8,"column":30},"end":{"line":8,"column":42}},"2":{"start":{"line":9,"column":36},"end":{"line":9,"column":48}},"3":{"start":{"line":10,"column":44},"end":{"line":10,"column":56}},"4":{"start":{"line":11,"column":40},"end":{"line":11,"column":52}},"5":{"start":{"line":13,"column":30},"end":{"line":15,"column":5}},"6":{"start":{"line":14,"column":8},"end":{"line":14,"column":28}},"7":{"start":{"line":17,"column":33},"end":{"line":19,"column":5}},"8":{"start":{"line":18,"column":8},"end":{"line":18,"column":31}},"9":{"start":{"line":21,"column":28},"end":{"line":23,"column":5}},"10":{"start":{"line":22,"column":8},"end":{"line":22,"column":38}},"11":{"start":{"line":25,"column":24},"end":{"line":66,"column":5}},"12":{"start":{"line":26,"column":8},"end":{"line":65,"column":9}},"13":{"start":{"line":27,"column":12},"end":{"line":33,"column":13}},"14":{"start":{"line":28,"column":16},"end":{"line":28,"column":62}},"15":{"start":{"line":29,"column":16},"end":{"line":31,"column":25}},"16":{"start":{"line":30,"column":20},"end":{"line":30,"column":40}},"17":{"start":{"line":32,"column":16},"end":{"line":32,"column":23}},"18":{"start":{"line":34,"column":28},"end":{"line":44,"column":13}},"19":{"start":{"line":45,"column":29},"end":{"line":45,"column":105}},"20":{"start":{"line":46,"column":12},"end":{"line":52,"column":13}},"21":{"start":{"line":47,"column":16},"end":{"line":47,"column":64}},"22":{"start":{"line":48,"column":16},"end":{"line":50,"column":25}},"23":{"start":{"line":49,"column":20},"end":{"line":49,"column":40}},"24":{"start":{"line":51,"column":16},"end":{"line":51,"column":23}},"25":{"start":{"line":53,"column":25},"end":{"line":53,"column":46}},"26":{"start":{"line":54,"column":12},"end":{"line":54,"column":32}},"27":{"start":{"line":55,"column":12},"end":{"line":55,"column":32}},"28":{"start":{"line":56,"column":12},"end":{"line":56,"column":36}},"29":{"start":{"line":57,"column":12},"end":{"line":57,"column":32}},"30":{"start":{"line":58,"column":12},"end":{"line":58,"column":32}},"31":{"start":{"line":59,"column":12},"end":{"line":59,"column":44}},"32":{"start":{"line":61,"column":12},"end":{"line":61,"column":43}},"33":{"start":{"line":62,"column":12},"end":{"line":64,"column":21}},"34":{"start":{"line":63,"column":16},"end":{"line":63,"column":36}},"35":{"start":{"line":68,"column":4},"end":{"line":104,"column":6}},"36":{"start":{"line":97,"column":101},"end":{"line":97,"column":129}}},"fnMap":{"0":{"name":"Login","decl":{"start":{"line":6,"column":24},"end":{"line":6,"column":29}},"loc":{"start":{"line":6,"column":46},"end":{"line":105,"column":1}},"line":6},"1":{"name":"(anonymous_1)","decl":{"start":{"line":13,"column":30},"end":{"line":13,"column":31}},"loc":{"start":{"line":13,"column":45},"end":{"line":15,"column":5}},"line":13},"2":{"name":"(anonymous_2)","decl":{"start":{"line":17,"column":33},"end":{"line":17,"column":34}},"loc":{"start":{"line":17,"column":48},"end":{"line":19,"column":5}},"line":17},"3":{"name":"(anonymous_3)","decl":{"start":{"line":21,"column":28},"end":{"line":21,"column":29}},"loc":{"start":{"line":21,"column":34},"end":{"line":23,"column":5}},"line":21},"4":{"name":"(anonymous_4)","decl":{"start":{"line":25,"column":24},"end":{"line":25,"column":25}},"loc":{"start":{"line":25,"column":51},"end":{"line":66,"column":5}},"line":25},"5":{"name":"(anonymous_5)","decl":{"start":{"line":29,"column":27},"end":{"line":29,"column":28}},"loc":{"start":{"line":29,"column":33},"end":{"line":31,"column":17}},"line":29},"6":{"name":"(anonymous_6)","decl":{"start":{"line":48,"column":27},"end":{"line":48,"column":28}},"loc":{"start":{"line":48,"column":33},"end":{"line":50,"column":17}},"line":48},"7":{"name":"(anonymous_7)","decl":{"start":{"line":62,"column":23},"end":{"line":62,"column":24}},"loc":{"start":{"line":62,"column":29},"end":{"line":64,"column":13}},"line":62},"8":{"name":"(anonymous_8)","decl":{"start":{"line":97,"column":95},"end":{"line":97,"column":96}},"loc":{"start":{"line":97,"column":101},"end":{"line":97,"column":129}},"line":97}},"branchMap":{"0":{"loc":{"start":{"line":27,"column":12},"end":{"line":33,"column":13}},"type":"if","locations":[{"start":{"line":27,"column":12},"end":{"line":33,"column":13}},{"start":{},"end":{}}],"line":27},"1":{"loc":{"start":{"line":27,"column":16},"end":{"line":27,"column":47}},"type":"binary-expr","locations":[{"start":{"line":27,"column":16},"end":{"line":27,"column":28}},{"start":{"line":27,"column":32},"end":{"line":27,"column":47}}],"line":27},"2":{"loc":{"start":{"line":46,"column":12},"end":{"line":52,"column":13}},"type":"if","locations":[{"start":{"line":46,"column":12},"end":{"line":52,"column":13}},{"start":{},"end":{}}],"line":46}},"s":{"0":7,"1":7,"2":7,"3":7,"4":7,"5":7,"6":1,"7":7,"8":1,"9":7,"10":0,"11":7,"12":2,"13":2,"14":1,"15":1,"16":0,"17":1,"18":1,"19":1,"20":1,"21":1,"22":1,"23":0,"24":1,"25":0,"26":0,"27":0,"28":0,"29":0,"30":0,"31":0,"32":0,"33":0,"34":0,"35":7,"36":2},"f":{"0":7,"1":1,"2":1,"3":0,"4":2,"5":0,"6":0,"7":0,"8":2},"b":{"0":[1,1],"1":[2,1],"2":[1,0]},"_coverageSchema":"1a1c01bbd47fc00a2c39e90264f33305004495a9","hash":"f115d6ffcda6a9ee7b858ce03b0f9a2c1a598305"}
,"C:\\Users\\Bolu8\\Desktop\\La-fosse\\Mocktologist_Frontend\\Mocktologist\\pages\\new.js": {"path":"C:\\Users\\Bolu8\\Desktop\\La-fosse\\Mocktologist_Frontend\\Mocktologist\\pages\\new.js","statementMap":{"0":{"start":{"line":13,"column":22},"end":{"line":13,"column":36}},"1":{"start":{"line":15,"column":4},"end":{"line":21,"column":19}},"2":{"start":{"line":16,"column":8},"end":{"line":19,"column":9}},"3":{"start":{"line":17,"column":12},"end":{"line":17,"column":36}},"4":{"start":{"line":18,"column":12},"end":{"line":18,"column":27}},"5":{"start":{"line":23,"column":67},"end":{"line":23,"column":79}},"6":{"start":{"line":25,"column":69},"end":{"line":25,"column":86}},"7":{"start":{"line":27,"column":39},"end":{"line":27,"column":48}},"8":{"start":{"line":29,"column":24},"end":{"line":31,"column":5}},"9":{"start":{"line":30,"column":8},"end":{"line":30,"column":50}},"10":{"start":{"line":30,"column":34},"end":{"line":30,"column":48}},"11":{"start":{"line":33,"column":31},"end":{"line":35,"column":5}},"12":{"start":{"line":34,"column":8},"end":{"line":34,"column":28}},"13":{"start":{"line":37,"column":29},"end":{"line":40,"column":5}},"14":{"start":{"line":38,"column":8},"end":{"line":38,"column":29}},"15":{"start":{"line":39,"column":8},"end":{"line":39,"column":27}},"16":{"start":{"line":42,"column":20},"end":{"line":46,"column":5}},"17":{"start":{"line":43,"column":8},"end":{"line":45,"column":10}},"18":{"start":{"line":48,"column":22},"end":{"line":50,"column":5}},"19":{"start":{"line":49,"column":8},"end":{"line":49,"column":37}},"20":{"start":{"line":52,"column":18},"end":{"line":61,"column":5}},"21":{"start":{"line":53,"column":8},"end":{"line":60,"column":9}},"22":{"start":{"line":63,"column":4},"end":{"line":118,"column":5}},"23":{"start":{"line":87,"column":42},"end":{"line":87,"column":70}}},"fnMap":{"0":{"name":"New","decl":{"start":{"line":11,"column":24},"end":{"line":11,"column":27}},"loc":{"start":{"line":11,"column":44},"end":{"line":119,"column":1}},"line":11},"1":{"name":"(anonymous_1)","decl":{"start":{"line":15,"column":14},"end":{"line":15,"column":15}},"loc":{"start":{"line":15,"column":20},"end":{"line":21,"column":5}},"line":15},"2":{"name":"(anonymous_2)","decl":{"start":{"line":29,"column":24},"end":{"line":29,"column":25}},"loc":{"start":{"line":29,"column":30},"end":{"line":31,"column":5}},"line":29},"3":{"name":"(anonymous_3)","decl":{"start":{"line":30,"column":17},"end":{"line":30,"column":18}},"loc":{"start":{"line":30,"column":34},"end":{"line":30,"column":48}},"line":30},"4":{"name":"(anonymous_4)","decl":{"start":{"line":33,"column":31},"end":{"line":33,"column":32}},"loc":{"start":{"line":33,"column":46},"end":{"line":35,"column":5}},"line":33},"5":{"name":"(anonymous_5)","decl":{"start":{"line":37,"column":29},"end":{"line":37,"column":30}},"loc":{"start":{"line":37,"column":35},"end":{"line":40,"column":5}},"line":37},"6":{"name":"(anonymous_6)","decl":{"start":{"line":42,"column":20},"end":{"line":42,"column":21}},"loc":{"start":{"line":42,"column":26},"end":{"line":46,"column":5}},"line":42},"7":{"name":"(anonymous_7)","decl":{"start":{"line":48,"column":22},"end":{"line":48,"column":23}},"loc":{"start":{"line":48,"column":34},"end":{"line":50,"column":5}},"line":48},"8":{"name":"(anonymous_8)","decl":{"start":{"line":52,"column":18},"end":{"line":52,"column":19}},"loc":{"start":{"line":52,"column":24},"end":{"line":61,"column":5}},"line":52},"9":{"name":"(anonymous_9)","decl":{"start":{"line":87,"column":34},"end":{"line":87,"column":35}},"loc":{"start":{"line":87,"column":42},"end":{"line":87,"column":70}},"line":87}},"branchMap":{"0":{"loc":{"start":{"line":16,"column":8},"end":{"line":19,"column":9}},"type":"if","locations":[{"start":{"line":16,"column":8},"end":{"line":19,"column":9}},{"start":{},"end":{}}],"line":16},"1":{"loc":{"start":{"line":66,"column":17},"end":{"line":66,"column":43}},"type":"binary-expr","locations":[{"start":{"line":66,"column":17},"end":{"line":66,"column":28}},{"start":{"line":66,"column":32},"end":{"line":66,"column":43}}],"line":66},"2":{"loc":{"start":{"line":67,"column":17},"end":{"line":67,"column":39}},"type":"binary-expr","locations":[{"start":{"line":67,"column":17},"end":{"line":67,"column":26}},{"start":{"line":67,"column":30},"end":{"line":67,"column":39}}],"line":67},"3":{"loc":{"start":{"line":108,"column":36},"end":{"line":108,"column":65}},"type":"cond-expr","locations":[{"start":{"line":108,"column":44},"end":{"line":108,"column":53}},{"start":{"line":108,"column":56},"end":{"line":108,"column":65}}],"line":108}},"s":{"0":0,"1":0,"2":0,"3":0,"4":0,"5":0,"6":0,"7":0,"8":0,"9":0,"10":0,"11":0,"12":0,"13":0,"14":0,"15":0,"16":0,"17":0,"18":0,"19":0,"20":0,"21":0,"22":0,"23":0},"f":{"0":0,"1":0,"2":0,"3":0,"4":0,"5":0,"6":0,"7":0,"8":0,"9":0},"b":{"0":[0,0],"1":[0,0],"2":[0,0],"3":[0,0]}}
,"C:\\Users\\Bolu8\\Desktop\\La-fosse\\Mocktologist_Frontend\\Mocktologist\\pages\\profile.js": {"path":"C:\\Users\\Bolu8\\Desktop\\La-fosse\\Mocktologist_Frontend\\Mocktologist\\pages\\profile.js","statementMap":{"0":{"start":{"line":13,"column":22},"end":{"line":13,"column":36}},"1":{"start":{"line":15,"column":89},"end":{"line":15,"column":98}},"2":{"start":{"line":17,"column":52},"end":{"line":17,"column":64}},"3":{"start":{"line":18,"column":36},"end":{"line":18,"column":48}},"4":{"start":{"line":19,"column":30},"end":{"line":19,"column":42}},"5":{"start":{"line":20,"column":46},"end":{"line":20,"column":58}},"6":{"start":{"line":21,"column":32},"end":{"line":21,"column":47}},"7":{"start":{"line":22,"column":36},"end":{"line":22,"column":51}},"8":{"start":{"line":24,"column":34},"end":{"line":26,"column":5}},"9":{"start":{"line":25,"column":8},"end":{"line":25,"column":39}},"10":{"start":{"line":28,"column":33},"end":{"line":30,"column":5}},"11":{"start":{"line":29,"column":8},"end":{"line":29,"column":31}},"12":{"start":{"line":32,"column":30},"end":{"line":34,"column":5}},"13":{"start":{"line":33,"column":8},"end":{"line":33,"column":28}},"14":{"start":{"line":36,"column":24},"end":{"line":38,"column":5}},"15":{"start":{"line":37,"column":8},"end":{"line":37,"column":53}},"16":{"start":{"line":37,"column":37},"end":{"line":37,"column":51}},"17":{"start":{"line":40,"column":22},"end":{"line":56,"column":5}},"18":{"start":{"line":41,"column":21},"end":{"line":46,"column":10}},"19":{"start":{"line":48,"column":8},"end":{"line":55,"column":9}},"20":{"start":{"line":49,"column":12},"end":{"line":54,"column":13}},"21":{"start":{"line":50,"column":38},"end":{"line":50,"column":85}},"22":{"start":{"line":51,"column":16},"end":{"line":51,"column":70}},"23":{"start":{"line":53,"column":16},"end":{"line":53,"column":63}},"24":{"start":{"line":58,"column":32},"end":{"line":92,"column":5}},"25":{"start":{"line":59,"column":8},"end":{"line":91,"column":9}},"26":{"start":{"line":60,"column":32},"end":{"line":60,"column":122}},"27":{"start":{"line":62,"column":26},"end":{"line":62,"column":36}},"28":{"start":{"line":63,"column":25},"end":{"line":63,"column":39}},"29":{"start":{"line":64,"column":25},"end":{"line":64,"column":58}},"30":{"start":{"line":65,"column":28},"end":{"line":65,"column":42}},"31":{"start":{"line":66,"column":32},"end":{"line":66,"column":34}},"32":{"start":{"line":67,"column":28},"end":{"line":70,"column":13}},"33":{"start":{"line":71,"column":29},"end":{"line":78,"column":14}},"34":{"start":{"line":80,"column":12},"end":{"line":82,"column":13}},"35":{"start":{"line":81,"column":16},"end":{"line":81,"column":68}},"36":{"start":{"line":84,"column":33},"end":{"line":84,"column":54}},"37":{"start":{"line":85,"column":12},"end":{"line":85,"column":70}},"38":{"start":{"line":86,"column":12},"end":{"line":86,"column":57}},"39":{"start":{"line":87,"column":12},"end":{"line":87,"column":26}},"40":{"start":{"line":89,"column":12},"end":{"line":89,"column":69}},"41":{"start":{"line":90,"column":12},"end":{"line":90,"column":24}},"42":{"start":{"line":94,"column":30},"end":{"line":129,"column":5}},"43":{"start":{"line":95,"column":8},"end":{"line":128,"column":9}},"44":{"start":{"line":96,"column":28},"end":{"line":110,"column":13}},"45":{"start":{"line":111,"column":29},"end":{"line":111,"column":109}},"46":{"start":{"line":112,"column":12},"end":{"line":118,"column":13}},"47":{"start":{"line":113,"column":16},"end":{"line":113,"column":67}},"48":{"start":{"line":114,"column":16},"end":{"line":116,"column":25}},"49":{"start":{"line":115,"column":20},"end":{"line":115,"column":41}},"50":{"start":{"line":117,"column":16},"end":{"line":117,"column":23}},"51":{"start":{"line":119,"column":12},"end":{"line":119,"column":54}},"52":{"start":{"line":120,"column":12},"end":{"line":120,"column":28}},"53":{"start":{"line":121,"column":12},"end":{"line":121,"column":42}},"54":{"start":{"line":122,"column":12},"end":{"line":122,"column":30}},"55":{"start":{"line":123,"column":12},"end":{"line":125,"column":21}},"56":{"start":{"line":124,"column":16},"end":{"line":124,"column":37}},"57":{"start":{"line":127,"column":12},"end":{"line":127,"column":33}},"58":{"start":{"line":131,"column":4},"end":{"line":156,"column":19}},"59":{"start":{"line":132,"column":8},"end":{"line":155,"column":9}},"60":{"start":{"line":133,"column":37},"end":{"line":152,"column":13}},"61":{"start":{"line":134,"column":16},"end":{"line":134,"column":36}},"62":{"start":{"line":135,"column":16},"end":{"line":151,"column":17}},"63":{"start":{"line":136,"column":20},"end":{"line":138,"column":21}},"64":{"start":{"line":137,"column":24},"end":{"line":137,"column":30}},"65":{"start":{"line":139,"column":37},"end":{"line":139,"column":107}},"66":{"start":{"line":140,"column":20},"end":{"line":142,"column":21}},"67":{"start":{"line":141,"column":24},"end":{"line":141,"column":98}},"68":{"start":{"line":143,"column":33},"end":{"line":143,"column":54}},"69":{"start":{"line":144,"column":20},"end":{"line":144,"column":44}},"70":{"start":{"line":145,"column":20},"end":{"line":145,"column":43}},"71":{"start":{"line":146,"column":20},"end":{"line":146,"column":40}},"72":{"start":{"line":147,"column":20},"end":{"line":147,"column":43}},"73":{"start":{"line":148,"column":20},"end":{"line":148,"column":41}},"74":{"start":{"line":150,"column":20},"end":{"line":150,"column":41}},"75":{"start":{"line":153,"column":12},"end":{"line":153,"column":42}},"76":{"start":{"line":154,"column":12},"end":{"line":154,"column":30}},"77":{"start":{"line":158,"column":69},"end":{"line":158,"column":86}},"78":{"start":{"line":160,"column":29},"end":{"line":163,"column":5}},"79":{"start":{"line":161,"column":8},"end":{"line":161,"column":29}},"80":{"start":{"line":162,"column":8},"end":{"line":162,"column":27}},"81":{"start":{"line":165,"column":20},"end":{"line":169,"column":5}},"82":{"start":{"line":166,"column":8},"end":{"line":168,"column":10}},"83":{"start":{"line":171,"column":18},"end":{"line":180,"column":5}},"84":{"start":{"line":172,"column":8},"end":{"line":179,"column":9}},"85":{"start":{"line":182,"column":4},"end":{"line":246,"column":5}},"86":{"start":{"line":240,"column":101},"end":{"line":240,"column":120}}},"fnMap":{"0":{"name":"Profile","decl":{"start":{"line":11,"column":24},"end":{"line":11,"column":31}},"loc":{"start":{"line":11,"column":34},"end":{"line":247,"column":1}},"line":11},"1":{"name":"(anonymous_1)","decl":{"start":{"line":24,"column":34},"end":{"line":24,"column":35}},"loc":{"start":{"line":24,"column":49},"end":{"line":26,"column":5}},"line":24},"2":{"name":"(anonymous_2)","decl":{"start":{"line":28,"column":33},"end":{"line":28,"column":34}},"loc":{"start":{"line":28,"column":48},"end":{"line":30,"column":5}},"line":28},"3":{"name":"(anonymous_3)","decl":{"start":{"line":32,"column":30},"end":{"line":32,"column":31}},"loc":{"start":{"line":32,"column":45},"end":{"line":34,"column":5}},"line":32},"4":{"name":"(anonymous_4)","decl":{"start":{"line":36,"column":24},"end":{"line":36,"column":25}},"loc":{"start":{"line":36,"column":30},"end":{"line":38,"column":5}},"line":36},"5":{"name":"(anonymous_5)","decl":{"start":{"line":37,"column":20},"end":{"line":37,"column":21}},"loc":{"start":{"line":37,"column":37},"end":{"line":37,"column":51}},"line":37},"6":{"name":"(anonymous_6)","decl":{"start":{"line":40,"column":22},"end":{"line":40,"column":23}},"loc":{"start":{"line":40,"column":34},"end":{"line":56,"column":5}},"line":40},"7":{"name":"(anonymous_7)","decl":{"start":{"line":58,"column":32},"end":{"line":58,"column":33}},"loc":{"start":{"line":58,"column":52},"end":{"line":92,"column":5}},"line":58},"8":{"name":"(anonymous_8)","decl":{"start":{"line":94,"column":30},"end":{"line":94,"column":31}},"loc":{"start":{"line":94,"column":42},"end":{"line":129,"column":5}},"line":94},"9":{"name":"(anonymous_9)","decl":{"start":{"line":114,"column":27},"end":{"line":114,"column":28}},"loc":{"start":{"line":114,"column":33},"end":{"line":116,"column":17}},"line":114},"10":{"name":"(anonymous_10)","decl":{"start":{"line":123,"column":23},"end":{"line":123,"column":24}},"loc":{"start":{"line":123,"column":29},"end":{"line":125,"column":13}},"line":123},"11":{"name":"(anonymous_11)","decl":{"start":{"line":131,"column":14},"end":{"line":131,"column":15}},"loc":{"start":{"line":131,"column":20},"end":{"line":156,"column":5}},"line":131},"12":{"name":"(anonymous_12)","decl":{"start":{"line":133,"column":37},"end":{"line":133,"column":38}},"loc":{"start":{"line":133,"column":49},"end":{"line":152,"column":13}},"line":133},"13":{"name":"(anonymous_13)","decl":{"start":{"line":160,"column":29},"end":{"line":160,"column":30}},"loc":{"start":{"line":160,"column":35},"end":{"line":163,"column":5}},"line":160},"14":{"name":"(anonymous_14)","decl":{"start":{"line":165,"column":20},"end":{"line":165,"column":21}},"loc":{"start":{"line":165,"column":26},"end":{"line":169,"column":5}},"line":165},"15":{"name":"(anonymous_15)","decl":{"start":{"line":171,"column":18},"end":{"line":171,"column":19}},"loc":{"start":{"line":171,"column":24},"end":{"line":180,"column":5}},"line":171},"16":{"name":"(anonymous_16)","decl":{"start":{"line":240,"column":95},"end":{"line":240,"column":96}},"loc":{"start":{"line":240,"column":101},"end":{"line":240,"column":120}},"line":240}},"branchMap":{"0":{"loc":{"start":{"line":48,"column":8},"end":{"line":55,"column":9}},"type":"if","locations":[{"start":{"line":48,"column":8},"end":{"line":55,"column":9}},{"start":{},"end":{}}],"line":48},"1":{"loc":{"start":{"line":80,"column":12},"end":{"line":82,"column":13}},"type":"if","locations":[{"start":{"line":80,"column":12},"end":{"line":82,"column":13}},{"start":{},"end":{}}],"line":80},"2":{"loc":{"start":{"line":112,"column":12},"end":{"line":118,"column":13}},"type":"if","locations":[{"start":{"line":112,"column":12},"end":{"line":118,"column":13}},{"start":{},"end":{}}],"line":112},"3":{"loc":{"start":{"line":132,"column":8},"end":{"line":155,"column":9}},"type":"if","locations":[{"start":{"line":132,"column":8},"end":{"line":155,"column":9}},{"start":{},"end":{}}],"line":132},"4":{"loc":{"start":{"line":136,"column":20},"end":{"line":138,"column":21}},"type":"if","locations":[{"start":{"line":136,"column":20},"end":{"line":138,"column":21}},{"start":{},"end":{}}],"line":136},"5":{"loc":{"start":{"line":140,"column":20},"end":{"line":142,"column":21}},"type":"if","locations":[{"start":{"line":140,"column":20},"end":{"line":142,"column":21}},{"start":{},"end":{}}],"line":140},"6":{"loc":{"start":{"line":185,"column":17},"end":{"line":185,"column":43}},"type":"binary-expr","locations":[{"start":{"line":185,"column":17},"end":{"line":185,"column":28}},{"start":{"line":185,"column":32},"end":{"line":185,"column":43}}],"line":185},"7":{"loc":{"start":{"line":186,"column":17},"end":{"line":186,"column":39}},"type":"binary-expr","locations":[{"start":{"line":186,"column":17},"end":{"line":186,"column":26}},{"start":{"line":186,"column":30},"end":{"line":186,"column":39}}],"line":186},"8":{"loc":{"start":{"line":232,"column":40},"end":{"line":232,"column":72}},"type":"cond-expr","locations":[{"start":{"line":232,"column":51},"end":{"line":232,"column":60}},{"start":{"line":232,"column":63},"end":{"line":232,"column":72}}],"line":232}},"s":{"0":0,"1":0,"2":0,"3":0,"4":0,"5":0,"6":0,"7":0,"8":0,"9":0,"10":0,"11":0,"12":0,"13":0,"14":0,"15":0,"16":0,"17":0,"18":0,"19":0,"20":0,"21":0,"22":0,"23":0,"24":0,"25":0,"26":0,"27":0,"28":0,"29":0,"30":0,"31":0,"32":0,"33":0,"34":0,"35":0,"36":0,"37":0,"38":0,"39":0,"40":0,"41":0,"42":0,"43":0,"44":0,"45":0,"46":0,"47":0,"48":0,"49":0,"50":0,"51":0,"52":0,"53":0,"54":0,"55":0,"56":0,"57":0,"58":0,"59":0,"60":0,"61":0,"62":0,"63":0,"64":0,"65":0,"66":0,"67":0,"68":0,"69":0,"70":0,"71":0,"72":0,"73":0,"74":0,"75":0,"76":0,"77":0,"78":0,"79":0,"80":0,"81":0,"82":0,"83":0,"84":0,"85":0,"86":0},"f":{"0":0,"1":0,"2":0,"3":0,"4":0,"5":0,"6":0,"7":0,"8":0,"9":0,"10":0,"11":0,"12":0,"13":0,"14":0,"15":0,"16":0},"b":{"0":[0,0],"1":[0,0],"2":[0,0],"3":[0,0],"4":[0,0],"5":[0,0],"6":[0,0],"7":[0,0],"8":[0,0]}}
,"C:\\Users\\Bolu8\\Desktop\\La-fosse\\Mocktologist_Frontend\\Mocktologist\\pages\\recipe.js": {"path":"C:\\Users\\Bolu8\\Desktop\\La-fosse\\Mocktologist_Frontend\\Mocktologist\\pages\\recipe.js","statementMap":{"0":{"start":{"line":13,"column":22},"end":{"line":13,"column":36}},"1":{"start":{"line":15,"column":22},"end":{"line":15,"column":31}},"2":{"start":{"line":16,"column":23},"end":{"line":16,"column":35}},"3":{"start":{"line":18,"column":28},"end":{"line":18,"column":40}},"4":{"start":{"line":19,"column":42},"end":{"line":19,"column":54}},"5":{"start":{"line":20,"column":30},"end":{"line":20,"column":42}},"6":{"start":{"line":22,"column":4},"end":{"line":50,"column":19}},"7":{"start":{"line":23,"column":8},"end":{"line":49,"column":9}},"8":{"start":{"line":24,"column":29},"end":{"line":47,"column":13}},"9":{"start":{"line":25,"column":16},"end":{"line":46,"column":17}},"10":{"start":{"line":26,"column":36},"end":{"line":33,"column":21}},"11":{"start":{"line":34,"column":37},"end":{"line":34,"column":118}},"12":{"start":{"line":35,"column":20},"end":{"line":43,"column":21}},"13":{"start":{"line":36,"column":37},"end":{"line":36,"column":58}},"14":{"start":{"line":37,"column":24},"end":{"line":37,"column":42}},"15":{"start":{"line":38,"column":34},"end":{"line":38,"column":92}},"16":{"start":{"line":38,"column":59},"end":{"line":38,"column":87}},"17":{"start":{"line":39,"column":34},"end":{"line":39,"column":80}},"18":{"start":{"line":39,"column":59},"end":{"line":39,"column":79}},"19":{"start":{"line":40,"column":24},"end":{"line":40,"column":61}},"20":{"start":{"line":41,"column":34},"end":{"line":41,"column":85}},"21":{"start":{"line":41,"column":59},"end":{"line":41,"column":84}},"22":{"start":{"line":42,"column":24},"end":{"line":42,"column":59}},"23":{"start":{"line":45,"column":20},"end":{"line":45,"column":41}},"24":{"start":{"line":48,"column":12},"end":{"line":48,"column":22}},"25":{"start":{"line":52,"column":69},"end":{"line":52,"column":86}},"26":{"start":{"line":53,"column":44},"end":{"line":53,"column":59}},"27":{"start":{"line":55,"column":29},"end":{"line":59,"column":5}},"28":{"start":{"line":56,"column":8},"end":{"line":56,"column":29}},"29":{"start":{"line":57,"column":8},"end":{"line":57,"column":27}},"30":{"start":{"line":58,"column":8},"end":{"line":58,"column":30}},"31":{"start":{"line":61,"column":20},"end":{"line":65,"column":5}},"32":{"start":{"line":62,"column":8},"end":{"line":64,"column":10}},"33":{"start":{"line":67,"column":18},"end":{"line":76,"column":5}},"34":{"start":{"line":68,"column":8},"end":{"line":75,"column":9}},"35":{"start":{"line":78,"column":21},"end":{"line":90,"column":5}},"36":{"start":{"line":79,"column":8},"end":{"line":89,"column":9}},"37":{"start":{"line":86,"column":20},"end":{"line":86,"column":89}},"38":{"start":{"line":93,"column":24},"end":{"line":97,"column":5}},"39":{"start":{"line":94,"column":8},"end":{"line":96,"column":9}},"40":{"start":{"line":99,"column":22},"end":{"line":102,"column":5}},"41":{"start":{"line":100,"column":8},"end":{"line":100,"column":29}},"42":{"start":{"line":101,"column":8},"end":{"line":101,"column":28}},"43":{"start":{"line":104,"column":4},"end":{"line":124,"column":6}},"44":{"start":{"line":118,"column":51},"end":{"line":118,"column":67}}},"fnMap":{"0":{"name":"Recipe","decl":{"start":{"line":11,"column":24},"end":{"line":11,"column":30}},"loc":{"start":{"line":11,"column":33},"end":{"line":125,"column":1}},"line":11},"1":{"name":"(anonymous_1)","decl":{"start":{"line":22,"column":14},"end":{"line":22,"column":15}},"loc":{"start":{"line":22,"column":20},"end":{"line":50,"column":5}},"line":22},"2":{"name":"(anonymous_2)","decl":{"start":{"line":24,"column":29},"end":{"line":24,"column":30}},"loc":{"start":{"line":24,"column":41},"end":{"line":47,"column":13}},"line":24},"3":{"name":"(anonymous_3)","decl":{"start":{"line":38,"column":54},"end":{"line":38,"column":55}},"loc":{"start":{"line":38,"column":59},"end":{"line":38,"column":87}},"line":38},"4":{"name":"(anonymous_4)","decl":{"start":{"line":39,"column":54},"end":{"line":39,"column":55}},"loc":{"start":{"line":39,"column":59},"end":{"line":39,"column":79}},"line":39},"5":{"name":"(anonymous_5)","decl":{"start":{"line":41,"column":54},"end":{"line":41,"column":55}},"loc":{"start":{"line":41,"column":59},"end":{"line":41,"column":84}},"line":41},"6":{"name":"(anonymous_6)","decl":{"start":{"line":55,"column":29},"end":{"line":55,"column":30}},"loc":{"start":{"line":55,"column":35},"end":{"line":59,"column":5}},"line":55},"7":{"name":"(anonymous_7)","decl":{"start":{"line":61,"column":20},"end":{"line":61,"column":21}},"loc":{"start":{"line":61,"column":26},"end":{"line":65,"column":5}},"line":61},"8":{"name":"(anonymous_8)","decl":{"start":{"line":67,"column":18},"end":{"line":67,"column":19}},"loc":{"start":{"line":67,"column":24},"end":{"line":76,"column":5}},"line":67},"9":{"name":"(anonymous_9)","decl":{"start":{"line":78,"column":21},"end":{"line":78,"column":22}},"loc":{"start":{"line":78,"column":27},"end":{"line":90,"column":5}},"line":78},"10":{"name":"(anonymous_10)","decl":{"start":{"line":85,"column":33},"end":{"line":85,"column":34}},"loc":{"start":{"line":86,"column":20},"end":{"line":86,"column":89}},"line":86},"11":{"name":"(anonymous_11)","decl":{"start":{"line":93,"column":24},"end":{"line":93,"column":25}},"loc":{"start":{"line":93,"column":38},"end":{"line":97,"column":5}},"line":93},"12":{"name":"(anonymous_12)","decl":{"start":{"line":99,"column":22},"end":{"line":99,"column":23}},"loc":{"start":{"line":99,"column":28},"end":{"line":102,"column":5}},"line":99},"13":{"name":"(anonymous_13)","decl":{"start":{"line":118,"column":34},"end":{"line":118,"column":35}},"loc":{"start":{"line":118,"column":51},"end":{"line":118,"column":67}},"line":118}},"branchMap":{"0":{"loc":{"start":{"line":23,"column":8},"end":{"line":49,"column":9}},"type":"if","locations":[{"start":{"line":23,"column":8},"end":{"line":49,"column":9}},{"start":{},"end":{}}],"line":23},"1":{"loc":{"start":{"line":35,"column":20},"end":{"line":43,"column":21}},"type":"if","locations":[{"start":{"line":35,"column":20},"end":{"line":43,"column":21}},{"start":{},"end":{}}],"line":35},"2":{"loc":{"start":{"line":107,"column":17},"end":{"line":107,"column":43}},"type":"binary-expr","locations":[{"start":{"line":107,"column":17},"end":{"line":107,"column":28}},{"start":{"line":107,"column":32},"end":{"line":107,"column":43}}],"line":107},"3":{"loc":{"start":{"line":108,"column":17},"end":{"line":108,"column":39}},"type":"binary-expr","locations":[{"start":{"line":108,"column":17},"end":{"line":108,"column":26}},{"start":{"line":108,"column":30},"end":{"line":108,"column":39}}],"line":108},"4":{"loc":{"start":{"line":109,"column":17},"end":{"line":109,"column":45}},"type":"binary-expr","locations":[{"start":{"line":109,"column":17},"end":{"line":109,"column":29}},{"start":{"line":109,"column":33},"end":{"line":109,"column":45}}],"line":109}},"s":{"0":0,"1":0,"2":0,"3":0,"4":0,"5":0,"6":0,"7":0,"8":0,"9":0,"10":0,"11":0,"12":0,"13":0,"14":0,"15":0,"16":0,"17":0,"18":0,"19":0,"20":0,"21":0,"22":0,"23":0,"24":0,"25":0,"26":0,"27":0,"28":0,"29":0,"30":0,"31":0,"32":0,"33":0,"34":0,"35":0,"36":0,"37":0,"38":0,"39":0,"40":0,"41":0,"42":0,"43":0,"44":0},"f":{"0":0,"1":0,"2":0,"3":0,"4":0,"5":0,"6":0,"7":0,"8":0,"9":0,"10":0,"11":0,"12":0,"13":0},"b":{"0":[0,0],"1":[0,0],"2":[0,0],"3":[0,0],"4":[0,0]}}
,"C:\\Users\\Bolu8\\Desktop\\La-fosse\\Mocktologist_Frontend\\Mocktologist\\pages\\register.js": {"path":"C:\\Users\\Bolu8\\Desktop\\La-fosse\\Mocktologist_Frontend\\Mocktologist\\pages\\register.js","statementMap":{"0":{"start":{"line":6,"column":38},"end":{"line":6,"column":50}},"1":{"start":{"line":7,"column":36},"end":{"line":7,"column":48}},"2":{"start":{"line":8,"column":30},"end":{"line":8,"column":42}},"3":{"start":{"line":9,"column":36},"end":{"line":9,"column":48}},"4":{"start":{"line":10,"column":44},"end":{"line":10,"column":56}},"5":{"start":{"line":12,"column":34},"end":{"line":14,"column":5}},"6":{"start":{"line":13,"column":8},"end":{"line":13,"column":31}},"7":{"start":{"line":16,"column":33},"end":{"line":18,"column":5}},"8":{"start":{"line":17,"column":8},"end":{"line":17,"column":30}},"9":{"start":{"line":20,"column":30},"end":{"line":22,"column":5}},"10":{"start":{"line":21,"column":8},"end":{"line":21,"column":27}},"11":{"start":{"line":24,"column":33},"end":{"line":26,"column":5}},"12":{"start":{"line":25,"column":8},"end":{"line":25,"column":30}},"13":{"start":{"line":28,"column":28},"end":{"line":30,"column":5}},"14":{"start":{"line":29,"column":8},"end":{"line":29,"column":38}},"15":{"start":{"line":32,"column":27},"end":{"line":68,"column":5}},"16":{"start":{"line":33,"column":8},"end":{"line":67,"column":9}},"17":{"start":{"line":34,"column":12},"end":{"line":40,"column":13}},"18":{"start":{"line":35,"column":16},"end":{"line":35,"column":63}},"19":{"start":{"line":36,"column":16},"end":{"line":38,"column":24}},"20":{"start":{"line":37,"column":20},"end":{"line":37,"column":39}},"21":{"start":{"line":39,"column":16},"end":{"line":39,"column":22}},"22":{"start":{"line":41,"column":28},"end":{"line":55,"column":13}},"23":{"start":{"line":56,"column":29},"end":{"line":56,"column":108}},"24":{"start":{"line":57,"column":12},"end":{"line":63,"column":13}},"25":{"start":{"line":58,"column":16},"end":{"line":58,"column":55}},"26":{"start":{"line":59,"column":16},"end":{"line":61,"column":24}},"27":{"start":{"line":60,"column":20},"end":{"line":60,"column":39}},"28":{"start":{"line":62,"column":16},"end":{"line":62,"column":22}},"29":{"start":{"line":64,"column":12},"end":{"line":64,"column":40}},"30":{"start":{"line":66,"column":12},"end":{"line":66,"column":42}},"31":{"start":{"line":70,"column":4},"end":{"line":124,"column":6}},"32":{"start":{"line":117,"column":101},"end":{"line":117,"column":153}}},"fnMap":{"0":{"name":"Register","decl":{"start":{"line":5,"column":24},"end":{"line":5,"column":32}},"loc":{"start":{"line":5,"column":49},"end":{"line":125,"column":1}},"line":5},"1":{"name":"(anonymous_1)","decl":{"start":{"line":12,"column":34},"end":{"line":12,"column":35}},"loc":{"start":{"line":12,"column":49},"end":{"line":14,"column":5}},"line":12},"2":{"name":"(anonymous_2)","decl":{"start":{"line":16,"column":33},"end":{"line":16,"column":34}},"loc":{"start":{"line":16,"column":48},"end":{"line":18,"column":5}},"line":16},"3":{"name":"(anonymous_3)","decl":{"start":{"line":20,"column":30},"end":{"line":20,"column":31}},"loc":{"start":{"line":20,"column":45},"end":{"line":22,"column":5}},"line":20},"4":{"name":"(anonymous_4)","decl":{"start":{"line":24,"column":33},"end":{"line":24,"column":34}},"loc":{"start":{"line":24,"column":48},"end":{"line":26,"column":5}},"line":24},"5":{"name":"(anonymous_5)","decl":{"start":{"line":28,"column":28},"end":{"line":28,"column":29}},"loc":{"start":{"line":28,"column":34},"end":{"line":30,"column":5}},"line":28},"6":{"name":"(anonymous_6)","decl":{"start":{"line":32,"column":27},"end":{"line":32,"column":28}},"loc":{"start":{"line":32,"column":75},"end":{"line":68,"column":5}},"line":32},"7":{"name":"(anonymous_7)","decl":{"start":{"line":36,"column":27},"end":{"line":36,"column":28}},"loc":{"start":{"line":36,"column":33},"end":{"line":38,"column":17}},"line":36},"8":{"name":"(anonymous_8)","decl":{"start":{"line":59,"column":27},"end":{"line":59,"column":28}},"loc":{"start":{"line":59,"column":33},"end":{"line":61,"column":17}},"line":59},"9":{"name":"(anonymous_9)","decl":{"start":{"line":117,"column":95},"end":{"line":117,"column":96}},"loc":{"start":{"line":117,"column":101},"end":{"line":117,"column":153}},"line":117}},"branchMap":{"0":{"loc":{"start":{"line":34,"column":12},"end":{"line":40,"column":13}},"type":"if","locations":[{"start":{"line":34,"column":12},"end":{"line":40,"column":13}},{"start":{},"end":{}}],"line":34},"1":{"loc":{"start":{"line":34,"column":16},"end":{"line":34,"column":86}},"type":"binary-expr","locations":[{"start":{"line":34,"column":16},"end":{"line":34,"column":32}},{"start":{"line":34,"column":36},"end":{"line":34,"column":51}},{"start":{"line":34,"column":55},"end":{"line":34,"column":67}},{"start":{"line":34,"column":71},"end":{"line":34,"column":86}}],"line":34},"2":{"loc":{"start":{"line":57,"column":12},"end":{"line":63,"column":13}},"type":"if","locations":[{"start":{"line":57,"column":12},"end":{"line":63,"column":13}},{"start":{},"end":{}}],"line":57}},"s":{"0":4,"1":4,"2":4,"3":4,"4":4,"5":4,"6":0,"7":4,"8":0,"9":4,"10":0,"11":4,"12":0,"13":4,"14":0,"15":4,"16":0,"17":0,"18":0,"19":0,"20":0,"21":0,"22":0,"23":0,"24":0,"25":0,"26":0,"27":0,"28":0,"29":0,"30":0,"31":4,"32":0},"f":{"0":4,"1":0,"2":0,"3":0,"4":0,"5":0,"6":0,"7":0,"8":0,"9":0},"b":{"0":[0,0],"1":[0,0,0,0],"2":[0,0]},"_coverageSchema":"1a1c01bbd47fc00a2c39e90264f33305004495a9","hash":"59899b1d1401c258a60bda569ac26fd59f2025c8"}
[...]
139}},"68":{"start":{"line":190,"column":101},"end":{"line":190,"column":142}}},"fnMap":{"0":{"name":"Steps","decl":{"start":{"line":10,"column":24},"end":{"line":10,"column":29}},"loc":{"start":{"line":10,"column":46},"end":{"line":196,"column":1}},"line":10},"1":{"name":"(anonymous_1)","decl":{"start":{"line":21,"column":14},"end":{"line":21,"column":15}},"loc":{"start":{"line":21,"column":20},"end":{"line":50,"column":5}},"line":21},"2":{"name":"(anonymous_2)","decl":{"start":{"line":23,"column":29},"end":{"line":23,"column":30}},"loc":{"start":{"line":23,"column":41},"end":{"line":47,"column":13}},"line":23},"3":{"name":"(anonymous_3)","decl":{"start":{"line":38,"column":54},"end":{"line":38,"column":55}},"loc":{"start":{"line":38,"column":59},"end":{"line":38,"column":87}},"line":38},"4":{"name":"(anonymous_4)","decl":{"start":{"line":39,"column":54},"end":{"line":39,"column":55}},"loc":{"start":{"line":39,"column":59},"end":{"line":39,"column":79}},"line":39},"5":{"name":"(anonymous_5)","decl":{"start":{"line":41,"column":54},"end":{"line":41,"column":55}},"loc":{"start":{"line":41,"column":59},"end":{"line":41,"column":84}},"line":41},"6":{"name":"(anonymous_6)","decl":{"start":{"line":57,"column":29},"end":{"line":57,"column":30}},"loc":{"start":{"line":57,"column":35},"end":{"line":61,"column":5}},"line":57},"7":{"name":"(anonymous_7)","decl":{"start":{"line":63,"column":20},"end":{"line":63,"column":21}},"loc":{"start":{"line":63,"column":26},"end":{"line":67,"column":5}},"line":63},"8":{"name":"(anonymous_8)","decl":{"start":{"line":69,"column":18},"end":{"line":69,"column":19}},"loc":{"start":{"line":69,"column":24},"end":{"line":78,"column":5}},"line":69},"9":{"name":"(anonymous_9)","decl":{"start":{"line":80,"column":21},"end":{"line":80,"column":22}},"loc":{"start":{"line":80,"column":27},"end":{"line":93,"column":5}},"line":80},"10":{"name":"(anonymous_10)","decl":{"start":{"line":87,"column":37},"end":{"line":87,"column":38}},"loc":{"start":{"line":88,"column":24},"end":{"line":88,"column":92}},"line":88},"11":{"name":"(anonymous_11)","decl":{"start":{"line":95,"column":21},"end":{"line":95,"column":22}},"loc":{"start":{"line":95,"column":27},"end":{"line":110,"column":5}},"line":95},"12":{"name":"(anonymous_12)","decl":{"start":{"line":101,"column":97},"end":{"line":101,"column":98}},"loc":{"start":{"line":101,"column":104},"end":{"line":101,"column":145}},"line":101},"13":{"name":"(anonymous_13)","decl":{"start":{"line":112,"column":25},"end":{"line":112,"column":26}},"loc":{"start":{"line":112,"column":31},"end":{"line":127,"column":5}},"line":112},"14":{"name":"(anonymous_14)","decl":{"start":{"line":118,"column":97},"end":{"line":118,"column":98}},"loc":{"start":{"line":118,"column":104},"end":{"line":118,"column":147}},"line":118},"15":{"name":"(anonymous_15)","decl":{"start":{"line":129,"column":24},"end":{"line":129,"column":25}},"loc":{"start":{"line":129,"column":38},"end":{"line":133,"column":5}},"line":129},"16":{"name":"(anonymous_16)","decl":{"start":{"line":135,"column":22},"end":{"line":135,"column":23}},"loc":{"start":{"line":135,"column":28},"end":{"line":138,"column":5}},"line":135},"17":{"name":"(anonymous_17)","decl":{"start":{"line":140,"column":23},"end":{"line":140,"column":24}},"loc":{"start":{"line":140,"column":35},"end":{"line":159,"column":5}},"line":140},"18":{"name":"(anonymous_18)","decl":{"start":{"line":161,"column":27},"end":{"line":161,"column":28}},"loc":{"start":{"line":161,"column":33},"end":{"line":165,"column":5}},"line":161},"19":{"name":"(anonymous_19)","decl":{"start":{"line":183,"column":34},"end":{"line":183,"column":35}},"loc":{"start":{"line":183,"column":51},"end":{"line":183,"column":67}},"line":183},"20":{"name":"(anonymous_20)","decl":{"start":{"line":187,"column":93},"end":{"line":187,"column":94}},"loc":{"start":{"line":187,"column":100},"end":{"line":187,"column":139}},"line":187},"21":{"name":"(anonymous_21)","decl":{"start":{"line":190,"column":94},"end":{"line":190,"column":95}},"loc":{"start":{"line":190,"column":101},"end":{"line":190,"column":142}},"line":190}},"branchMap":{"0":{"loc":{"start":{"line":22,"column":8},"end":{"line":49,"column":9}},"type":"if","locations":[{"start":{"line":22,"column":8},"end":{"line":49,"column":9}},{"start":{},"end":{}}],"line":22},"1":{"loc":{"start":{"line":34,"column":20},"end":{"line":43,"column":21}},"type":"if","locations":[{"start":{"line":34,"column":20},"end":{"line":43,"column":21}},{"start":{},"end":{}}],"line":34},"2":{"loc":{"start":{"line":153,"column":12},"end":{"line":155,"column":13}},"type":"if","locations":[{"start":{"line":153,"column":12},"end":{"line":155,"column":13}},{"start":{},"end":{}}],"line":153},"3":{"loc":{"start":{"line":170,"column":17},"end":{"line":170,"column":43}},"type":"binary-expr","locations":[{"start":{"line":170,"column":17},"end":{"line":170,"column":28}},{"start":{"line":170,"column":32},"end":{"line":170,"column":43}}],"line":170},"4":{"loc":{"start":{"line":171,"column":17},"end":{"line":171,"column":39}},"type":"binary-expr","locations":[{"start":{"line":171,"column":17},"end":{"line":171,"column":26}},{"start":{"line":171,"column":30},"end":{"line":171,"column":39}}],"line":171},"5":{"loc":{"start":{"line":172,"column":17},"end":{"line":172,"column":45}},"type":"binary-expr","locations":[{"start":{"line":172,"column":17},"end":{"line":172,"column":29}},{"start":{"line":172,"column":33},"end":{"line":172,"column":45}}],"line":172},"6":{"loc":{"start":{"line":173,"column":17},"end":{"line":173,"column":41}},"type":"binary-expr","locations":[{"start":{"line":173,"column":17},"end":{"line":173,"column":25}},{"start":{"line":173,"column":29},"end":{"line":173,"column":41}}],"line":173},"7":{"loc":{"start":{"line":174,"column":17},"end":{"line":174,"column":47}},"type":"binary-expr","locations":[{"start":{"line":174,"column":17},"end":{"line":174,"column":27}},{"start":{"line":174,"column":31},"end":{"line":174,"column":47}}],"line":174}},"s":{"0":11,"1":11,"2":11,"3":11,"4":11,"5":11,"6":11,"7":3,"8":3,"9":3,"10":3,"11":3,"12":3,"13":3,"14":3,"15":3,"16":3,"17":0,"18":0,"19":0,"20":0,"21":0,"22":0,"23":0,"24":3,"25":3,"26":11,"27":11,"28":11,"29":11,"30":11,"31":0,"32":0,"33":0,"34":11,"35":0,"36":11,"37":0,"38":11,"39":3,"40":0,"41":11,"42":3,"43":0,"44":11,"45":0,"46":0,"47":11,"48":0,"49":11,"50":1,"51":1,"52":11,"53":0,"54":0,"55":0,"56":0,"57":0,"58":0,"59":0,"60":0,"61":11,"62":0,"63":0,"64":0,"65":11,"66":0,"67":1,"68":0},"f":{"0":11,"1":3,"2":3,"3":0,"4":0,"5":0,"6":0,"7":0,"8":0,"9":3,"10":0,"11":3,"12":0,"13":0,"14":0,"15":0,"16":1,"17":0,"18":0,"19":0,"20":1,"21":0},"b":{"0":[3,0],"1":[3,0],"2":[0,0],"3":[11,0],"4":[11,0],"5":[11,3],"6":[11,3],"7":[11,0]},"_coverageSchema":"1a1c01bbd47fc00a2c39e90264f33305004495a9","hash":"5af86efe62324a57700ec2376762089bdfaf901e"}
,"C:\\Users\\Bolu8\\Desktop\\La-fosse\\Mocktologist_Frontend\\Mocktologist\\pages\\top.js": {"path":"C:\\Users\\Bolu8\\Desktop\\La-fosse\\Mocktologist_Frontend\\Mocktologist\\pages\\top.js","statementMap":{"0":{"start":{"line":14,"column":69},"end":{"line":14,"column":86}},"1":{"start":{"line":15,"column":40},"end":{"line":15,"column":49}},"2":{"start":{"line":17,"column":30},"end":{"line":17,"column":39}},"3":{"start":{"line":18,"column":22},"end":{"line":18,"column":36}},"4":{"start":{"line":19,"column":32},"end":{"line":19,"column":44}},"5":{"start":{"line":20,"column":32},"end":{"line":20,"column":47}},"6":{"start":{"line":21,"column":34},"end":{"line":21,"column":49}},"7":{"start":{"line":23,"column":28},"end":{"line":23,"column":40}},"8":{"start":{"line":25,"column":28},"end":{"line":38,"column":5}},"9":{"start":{"line":26,"column":8},"end":{"line":37,"column":10}},"10":{"start":{"line":40,"column":22},"end":{"line":57,"column":5}},"11":{"start":{"line":41,"column":21},"end":{"line":46,"column":10}},"12":{"start":{"line":48,"column":8},"end":{"line":56,"column":9}},"13":{"start":{"line":49,"column":12},"end":{"line":55,"column":13}},"14":{"start":{"line":50,"column":16},"end":{"line":50,"column":32}},"15":{"start":{"line":51,"column":38},"end":{"line":51,"column":85}},"16":{"start":{"line":53,"column":16},"end":{"line":53,"column":33}},"17":{"start":{"line":54,"column":16},"end":{"line":54,"column":63}},"18":{"start":{"line":59,"column":32},"end":{"line":126,"column":5}},"19":{"start":{"line":60,"column":8},"end":{"line":125,"column":9}},"20":{"start":{"line":61,"column":32},"end":{"line":61,"column":122}},"21":{"start":{"line":63,"column":26},"end":{"line":63,"column":36}},"22":{"start":{"line":64,"column":25},"end":{"line":64,"column":39}},"23":{"start":{"line":65,"column":25},"end":{"line":65,"column":57}},"24":{"start":{"line":66,"column":28},"end":{"line":66,"column":42}},"25":{"start":{"line":67,"column":32},"end":{"line":67,"column":34}},"26":{"start":{"line":68,"column":28},"end":{"line":71,"column":13}},"27":{"start":{"line":72,"column":29},"end":{"line":79,"column":14}},"28":{"start":{"line":81,"column":12},"end":{"line":84,"column":13}},"29":{"start":{"line":82,"column":16},"end":{"line":82,"column":33}},"30":{"start":{"line":83,"column":16},"end":{"line":83,"column":68}},"31":{"start":{"line":86,"column":33},"end":{"line":86,"column":54}},"32":{"start":{"line":87,"column":12},"end":{"line":87,"column":70}},"33":{"start":{"line":88,"column":12},"end":{"line":88,"column":59}},"34":{"start":{"line":89,"column":30},"end":{"line":89,"column":63}},"35":{"start":{"line":90,"column":12},"end":{"line":120,"column":13}},"36":{"start":{"line":91,"column":33},"end":{"line":91,"column":109}},"37":{"start":{"line":93,"column":16},"end":{"line":96,"column":17}},"38":{"start":{"line":94,"column":20},"end":{"line":94,"column":37}},"39":{"start":{"line":95,"column":20},"end":{"line":95,"column":67}},"40":{"start":{"line":97,"column":16},"end":{"line":97,"column":33}},"41":{"start":{"line":98,"column":37},"end":{"line":98,"column":58}},"42":{"start":{"line":99,"column":16},"end":{"line":116,"column":17}},"43":{"start":{"line":100,"column":20},"end":{"line":100,"column":81}},"44":{"start":{"line":101,"column":20},"end":{"line":101,"column":74}},"45":{"start":{"line":102,"column":20},"end":{"line":112,"column":21}},"46":{"start":{"line":103,"column":24},"end":{"line":108,"column":25}},"47":{"start":{"line":104,"column":28},"end":{"line":104,"column":55}},"48":{"start":{"line":106,"column":28},"end":{"line":106,"column":61}},"49":{"start":{"line":107,"column":28},"end":{"line":107,"column":43}},"50":{"start":{"line":110,"column":24},"end":{"line":110,"column":57}},"51":{"start":{"line":111,"column":24},"end":{"line":111,"column":39}},"52":{"start":{"line":114,"column":20},"end":{"line":114,"column":47}},"53":{"start":{"line":115,"column":20},"end":{"line":115,"column":35}},"54":{"start":{"line":118,"column":16},"end":{"line":118,"column":69}},"55":{"start":{"line":119,"column":16},"end":{"line":119,"column":31}},"56":{"start":{"line":121,"column":12},"end":{"line":121,"column":24}},"57":{"start":{"line":123,"column":12},"end":{"line":123,"column":69}},"58":{"start":{"line":124,"column":12},"end":{"line":124,"column":24}},"59":{"start":{"line":128,"column":4},"end":{"line":149,"column":20}},"60":{"start":{"line":129,"column":30},"end":{"line":143,"column":9}},"61":{"start":{"line":130,"column":28},"end":{"line":135,"column":13}},"62":{"start":{"line":136,"column":29},"end":{"line":136,"column":114}},"63":{"start":{"line":137,"column":12},"end":{"line":140,"column":13}},"64":{"start":{"line":138,"column":16},"end":{"line":138,"column":52}},"65":{"start":{"line":139,"column":16},"end":{"line":139,"column":23}},"66":{"start":{"line":141,"column":25},"end":{"line":141,"column":46}},"67":{"start":{"line":142,"column":12},"end":{"line":142,"column":28}},"68":{"start":{"line":144,"column":8},"end":{"line":148,"column":9}},"69":{"start":{"line":145,"column":12},"end":{"line":145,"column":28}},"70":{"start":{"line":146,"column":12},"end":{"line":146,"column":27}},"71":{"start":{"line":147,"column":12},"end":{"line":147,"column":23}},"72":{"start":{"line":151,"column":29},"end":{"line":155,"column":5}},"73":{"start":{"line":152,"column":8},"end":{"line":152,"column":30}},"74":{"start":{"line":153,"column":8},"end":{"line":153,"column":28}},"75":{"start":{"line":154,"column":8},"end":{"line":154,"column":24}},"76":{"start":{"line":157,"column":20},"end":{"line":159,"column":5}},"77":{"start":{"line":158,"column":8},"end":{"line":158,"column":47}},"78":{"start":{"line":161,"column":18},"end":{"line":170,"column":5}},"79":{"start":{"line":162,"column":8},"end":{"line":169,"column":10}},"80":{"start":{"line":172,"column":20},"end":{"line":181,"column":5}},"81":{"start":{"line":173,"column":8},"end":{"line":180,"column":10}},"82":{"start":{"line":183,"column":28},"end":{"line":185,"column":5}},"83":{"start":{"line":184,"column":8},"end":{"line":184,"column":182}},"84":{"start":{"line":187,"column":4},"end":{"line":203,"column":5}},"85":{"start":{"line":188,"column":8},"end":{"line":202,"column":9}},"86":{"start":{"line":205,"column":4},"end":{"line":232,"column":6}},"87":{"start":{"line":217,"column":51},"end":{"line":217,"column":67}},"88":{"start":{"line":222,"column":105},"end":{"line":222,"column":142}}},"fnMap":{"0":{"name":"Top","decl":{"start":{"line":12,"column":24},"end":{"line":12,"column":27}},"loc":{"start":{"line":12,"column":44},"end":{"line":233,"column":1}},"line":12},"1":{"name":"(anonymous_1)","decl":{"start":{"line":25,"column":28},"end":{"line":25,"column":29}},"loc":{"start":{"line":25,"column":47},"end":{"line":38,"column":5}},"line":25},"2":{"name":"(anonymous_2)","decl":{"start":{"line":40,"column":22},"end":{"line":40,"column":23}},"loc":{"start":{"line":40,"column":34},"end":{"line":57,"column":5}},"line":40},"3":{"name":"(anonymous_3)","decl":{"start":{"line":59,"column":32},"end":{"line":59,"column":33}},"loc":{"start":{"line":59,"column":52},"end":{"line":126,"column":5}},"line":59},"4":{"name":"(anonymous_4)","decl":{"start":{"line":128,"column":14},"end":{"line":128,"column":15}},"loc":{"start":{"line":128,"column":20},"end":{"line":149,"column":5}},"line":128},"5":{"name":"(anonymous_5)","decl":{"start":{"line":129,"column":30},"end":{"line":129,"column":31}},"loc":{"start":{"line":129,"column":42},"end":{"line":143,"column":9}},"line":129},"6":{"name":"(anonymous_6)","decl":{"start":{"line":151,"column":29},"end":{"line":151,"column":30}},"loc":{"start":{"line":151,"column":35},"end":{"line":155,"column":5}},"line":151},"7":{"name":"(anonymous_7)","decl":{"start":{"line":157,"column":20},"end":{"line":157,"column":21}},"loc":{"start":{"line":157,"column":26},"end":{"line":159,"column":5}},"line":157},"8":{"name":"(anonymous_8)","decl":{"start":{"line":161,"column":18},"end":{"line":161,"column":19}},"loc":{"start":{"line":161,"column":24},"end":{"line":170,"column":5}},"line":161},"9":{"name":"(anonymous_9)","decl":{"start":{"line":172,"column":20},"end":{"line":172,"column":21}},"loc":{"start":{"line":172,"column":26},"end":{"line":181,"column":5}},"line":172},"10":{"name":"(anonymous_10)","decl":{"start":{"line":183,"column":28},"end":{"line":183,"column":29}},"loc":{"start":{"line":184,"column":8},"end":{"line":184,"column":182}},"line":184},"11":{"name":"(anonymous_11)","decl":{"start":{"line":217,"column":34},"end":{"line":217,"column":35}},"loc":{"start":{"line":217,"column":51},"end":{"line":217,"column":67}},"line":217},"12":{"name":"(anonymous_12)","decl":{"start":{"line":222,"column":97},"end":{"line":222,"column":98}},"loc":{"start":{"line":222,"column":103},"end":{"line":222,"column":144}},"line":222}},"branchMap":{"0":{"loc":{"start":{"line":48,"column":8},"end":{"line":56,"column":9}},"type":"if","locations":[{"start":{"line":48,"column":8},"end":{"line":56,"column":9}},{"start":{},"end":{}}],"line":48},"1":{"loc":{"start":{"line":81,"column":12},"end":{"line":84,"column":13}},"type":"if","locations":[{"start":{"line":81,"column":12},"end":{"line":84,"column":13}},{"start":{},"end":{}}],"line":81},"2":{"loc":{"start":{"line":93,"column":16},"end":{"line":96,"column":17}},"type":"if","locations":[{"start":{"line":93,"column":16},"end":{"line":96,"column":17}},{"start":{},"end":{}}],"line":93},"3":{"loc":{"start":{"line":99,"column":16},"end":{"line":116,"column":17}},"type":"if","locations":[{"start":{"line":99,"column":16},"end":{"line":116,"column":17}},{"start":{"line":113,"column":23},"end":{"line":116,"column":17}}],"line":99},"4":{"loc":{"start":{"line":99,"column":20},"end":{"line":99,"column":59}},"type":"binary-expr","locations":[{"start":{"line":99,"column":20},"end":{"line":99,"column":32}},{"start":{"line":99,"column":36},"end":{"line":99,"column":59}}],"line":99},"5":{"loc":{"start":{"line":102,"column":20},"end":{"line":112,"column":21}},"type":"if","locations":[{"start":{"line":102,"column":20},"end":{"line":112,"column":21}},{"start":{"line":109,"column":27},"end":{"line":112,"column":21}}],"line":102},"6":{"loc":{"start":{"line":103,"column":24},"end":{"line":108,"column":25}},"type":"if","locations":[{"start":{"line":103,"column":24},"end":{"line":108,"column":25}},{"start":{"line":105,"column":31},"end":{"line":108,"column":25}}],"line":103},"7":{"loc":{"start":{"line":137,"column":12},"end":{"line":140,"column":13}},"type":"if","locations":[{"start":{"line":137,"column":12},"end":{"line":140,"column":13}},{"start":{},"end":{}}],"line":137},"8":{"loc":{"start":{"line":144,"column":8},"end":{"line":148,"column":9}},"type":"if","locations":[{"start":{"line":144,"column":8},"end":{"line":148,"column":9}},{"start":{},"end":{}}],"line":144},"9":{"loc":{"start":{"line":187,"column":4},"end":{"line":203,"column":5}},"type":"if","locations":[{"start":{"line":187,"column":4},"end":{"line":203,"column":5}},{"start":{},"end":{}}],"line":187},"10":{"loc":{"start":{"line":191,"column":21},"end":{"line":191,"column":47}},"type":"binary-expr","locations":[{"start":{"line":191,"column":21},"end":{"line":191,"column":32}},{"start":{"line":191,"column":36},"end":{"line":191,"column":47}}],"line":191},"11":{"loc":{"start":{"line":192,"column":21},"end":{"line":192,"column":43}},"type":"binary-expr","locations":[{"start":{"line":192,"column":21},"end":{"line":192,"column":30}},{"start":{"line":192,"column":34},"end":{"line":192,"column":43}}],"line":192},"12":{"loc":{"start":{"line":208,"column":17},"end":{"line":208,"column":43}},"type":"binary-expr","locations":[{"start":{"line":208,"column":17},"end":{"line":208,"column":28}},{"start":{"line":208,"column":32},"end":{"line":208,"column":43}}],"line":208},"13":{"loc":{"start":{"line":209,"column":17},"end":{"line":209,"column":39}},"type":"binary-expr","locations":[{"start":{"line":209,"column":17},"end":{"line":209,"column":26}},{"start":{"line":209,"column":30},"end":{"line":209,"column":39}}],"line":209},"14":{"loc":{"start":{"line":210,"column":17},"end":{"line":210,"column":38}},"type":"binary-expr","locations":[{"start":{"line":210,"column":17},"end":{"line":210,"column":23}},{"start":{"line":210,"column":27},"end":{"line":210,"column":38}}],"line":210}},"s":{"0":0,"1":0,"2":0,"3":0,"4":0,"5":0,"6":0,"7":0,"8":0,"9":0,"10":0,"11":0,"12":0,"13":0,"14":0,"15":0,"16":0,"17":0,"18":0,"19":0,"20":0,"21":0,"22":0,"23":0,"24":0,"25":0,"26":0,"27":0,"28":0,"29":0,"30":0,"31":0,"32":0,"33":0,"34":0,"35":0,"36":0,"37":0,"38":0,"39":0,"40":0,"41":0,"42":0,"43":0,"44":0,"45":0,"46":0,"47":0,"48":0,"49":0,"50":0,"51":0,"52":0,"53":0,"54":0,"55":0,"56":0,"57":0,"58":0,"59":0,"60":0,"61":0,"62":0,"63":0,"64":0,"65":0,"66":0,"67":0,"68":0,"69":0,"70":0,"71":0,"72":0,"73":0,"74":0,"75":0,"76":0,"77":0,"78":0,"79":0,"80":0,"81":0,"82":0,"83":0,"84":0,"85":0,"86":0,"87":0,"88":0},"f":{"0":0,"1":0,"2":0,"3":0,"4":0,"5":0,"6":0,"7":0,"8":0,"9":0,"10":0,"11":0,"12":0},"b":{"0":[0,0],"1":[0,0],"2":[0,0],"3":[0,0],"4":[0,0],"5":[0,0],"6":[0,0],"7":[0,0],"8":[0,0],"9":[0,0],"10":[0,0],"11":[0,0],"12":[0,0],"13":[0,0],"14":[0,0]}}
}
