{"C:\\Users\\Bolu8\\Desktop\\La-fosse\\Mocktologist_Frontend\\Mocktologist\\App.js": {"path":"C:\\Users\\Bolu8\\Desktop\\La-fosse\\Mocktologist_Frontend\\Mocktologist\\App.js","statementMap":{"0":{"start":{"line":6,"column":12},"end":{"line":12,"column":1}},"1":{"start":{"line":7,"column":2},"end":{"line":11,"column":3}}},"fnMap":{"0":{"name":"(anonymous_0)","decl":{"start":{"line":6,"column":12},"end":{"line":6,"column":13}},"loc":{"start":{"line":6,"column":18},"end":{"line":12,"column":1}},"line":6}},"branchMap":{},"s":{"0":0,"1":0},"f":{"0":0},"b":{}}
,"C:\\Users\\Bolu8\\Desktop\\La-fosse\\Mocktologist_Frontend\\Mocktologist\\Navigation.js": {"path":"C:\\Users\\Bolu8\\Desktop\\La-fosse\\Mocktologist_Frontend\\Mocktologist\\Navigation.js","statementMap":{"0":{"start":{"line":10,"column":15},"end":{"line":10,"column":38}},"1":{"start":{"line":12,"column":19},"end":{"line":50,"column":1}},"2":{"start":{"line":14,"column":26},"end":{"line":30,"column":6}},"3":{"start":{"line":14,"column":47},"end":{"line":30,"column":5}},"4":{"start":{"line":22,"column":12},"end":{"line":28,"column":33}},"5":{"start":{"line":22,"column":75},"end":{"line":22,"column":98}},"6":{"start":{"line":32,"column":4},"end":{"line":49,"column":6}},"7":{"start":{"line":36,"column":40},"end":{"line":36,"column":79}},"8":{"start":{"line":52,"column":33},"end":{"line":93,"column":1}},"9":{"start":{"line":53,"column":4},"end":{"line":92,"column":6}},"10":{"start":{"line":61,"column":16},"end":{"line":82,"column":17}},"11":{"start":{"line":62,"column":20},"end":{"line":62,"column":32}},"12":{"start":{"line":64,"column":40},"end":{"line":64,"column":62}},"13":{"start":{"line":65,"column":34},"end":{"line":65,"column":102}},"14":{"start":{"line":66,"column":38},"end":{"line":66,"column":90}},"15":{"start":{"line":67,"column":41},"end":{"line":67,"column":90}},"16":{"start":{"line":68,"column":41},"end":{"line":68,"column":90}},"17":{"start":{"line":69,"column":20},"end":{"line":81,"column":22}},"18":{"start":{"line":75,"column":51},"end":{"line":75,"column":82}},"19":{"start":{"line":84,"column":105},"end":{"line":84,"column":133}},"20":{"start":{"line":88,"column":103},"end":{"line":88,"column":133}}},"fnMap":{"0":{"name":"(anonymous_0)","decl":{"start":{"line":12,"column":19},"end":{"line":12,"column":20}},"loc":{"start":{"line":12,"column":25},"end":{"line":50,"column":1}},"line":12},"1":{"name":"(anonymous_1)","decl":{"start":{"line":14,"column":26},"end":{"line":14,"column":27}},"loc":{"start":{"line":14,"column":47},"end":{"line":30,"column":5}},"line":14},"2":{"name":"(anonymous_2)","decl":{"start":{"line":21,"column":20},"end":{"line":21,"column":21}},"loc":{"start":{"line":22,"column":12},"end":{"line":28,"column":33}},"line":22},"3":{"name":"(anonymous_3)","decl":{"start":{"line":22,"column":69},"end":{"line":22,"column":70}},"loc":{"start":{"line":22,"column":75},"end":{"line":22,"column":98}},"line":22},"4":{"name":"(anonymous_4)","decl":{"start":{"line":36,"column":31},"end":{"line":36,"column":32}},"loc":{"start":{"line":36,"column":40},"end":{"line":36,"column":79}},"line":36},"5":{"name":"(anonymous_5)","decl":{"start":{"line":52,"column":33},"end":{"line":52,"column":34}},"loc":{"start":{"line":52,"column":73},"end":{"line":93,"column":1}},"line":52},"6":{"name":"(anonymous_6)","decl":{"start":{"line":60,"column":30},"end":{"line":60,"column":31}},"loc":{"start":{"line":60,"column":48},"end":{"line":83,"column":13}},"line":60},"7":{"name":"(anonymous_7)","decl":{"start":{"line":75,"column":45},"end":{"line":75,"column":46}},"loc":{"start":{"line":75,"column":51},"end":{"line":75,"column":82}},"line":75},"8":{"name":"(anonymous_8)","decl":{"start":{"line":84,"column":99},"end":{"line":84,"column":100}},"loc":{"start":{"line":84,"column":105},"end":{"line":84,"column":133}},"line":84},"9":{"name":"(anonymous_9)","decl":{"start":{"line":88,"column":97},"end":{"line":88,"column":98}},"loc":{"start":{"line":88,"column":103},"end":{"line":88,"column":133}},"line":88}},"branchMap":{"0":{"loc":{"start":{"line":61,"column":16},"end":{"line":82,"column":17}},"type":"if","locations":[{"start":{"line":61,"column":16},"end":{"line":82,"column":17}},{"start":{"line":63,"column":23},"end":{"line":82,"column":17}}],"line":61},"1":{"loc":{"start":{"line":61,"column":20},"end":{"line":61,"column":96}},"type":"binary-expr","locations":[{"start":{"line":61,"column":20},"end":{"line":61,"column":44}},{"start":{"line":61,"column":48},"end":{"line":61,"column":70}},{"start":{"line":61,"column":74},"end":{"line":61,"column":96}}],"line":61},"2":{"loc":{"start":{"line":65,"column":34},"end":{"line":65,"column":102}},"type":"cond-expr","locations":[{"start":{"line":65,"column":70},"end":{"line":65,"column":89}},{"start":{"line":65,"column":92},"end":{"line":65,"column":102}}],"line":65},"3":{"loc":{"start":{"line":66,"column":38},"end":{"line":66,"column":90}},"type":"cond-expr","locations":[{"start":{"line":66,"column":64},"end":{"line":66,"column":83}},{"start":{"line":66,"column":86},"end":{"line":66,"column":90}}],"line":66},"4":{"loc":{"start":{"line":67,"column":41},"end":{"line":67,"column":90}},"type":"cond-expr","locations":[{"start":{"line":67,"column":63},"end":{"line":67,"column":83}},{"start":{"line":67,"column":86},"end":{"line":67,"column":90}}],"line":67},"5":{"loc":{"start":{"line":68,"column":41},"end":{"line":68,"column":90}},"type":"cond-expr","locations":[{"start":{"line":68,"column":65},"end":{"line":68,"column":83}},{"start":{"line":68,"column":86},"end":{"line":68,"column":90}}],"line":68},"6":{"loc":{"start":{"line":79,"column":29},"end":{"line":79,"column":90}},"type":"binary-expr","locations":[{"start":{"line":79,"column":29},"end":{"line":79,"column":52}},{"start":{"line":79,"column":56},"end":{"line":79,"column":90}}],"line":79}},"s":{"0":0,"1":0,"2":0,"3":0,"4":0,"5":0,"6":0,"7":0,"8":0,"9":0,"10":0,"11":0,"12":0,"13":0,"14":0,"15":0,"16":0,"17":0,"18":0,"19":0,"20":0},"f":{"0":0,"1":0,"2":0,"3":0,"4":0,"5":0,"6":0,"7":0,"8":0,"9":0},"b":{"0":[0,0],"1":[0,0,0],"2":[0,0],"3":[0,0],"4":[0,0],"5":[0,0],"6":[0,0]}}
,"C:\\Users\\Bolu8\\Desktop\\La-fosse\\Mocktologist_Frontend\\Mocktologist\\babel.config.js": {"path":"C:\\Users\\Bolu8\\Desktop\\La-fosse\\Mocktologist_Frontend\\Mocktologist\\babel.config.js","statementMap":{"0":{"start":{"line":1,"column":0},"end":{"line":6,"column":2}},"1":{"start":{"line":2,"column":2},"end":{"line":2,"column":18}},"2":{"start":{"line":3,"column":2},"end":{"line":5,"column":4}}},"fnMap":{"0":{"name":"(anonymous_0)","decl":{"start":{"line":1,"column":17},"end":{"line":1,"column":18}},"loc":{"start":{"line":1,"column":31},"end":{"line":6,"column":1}},"line":1}},"branchMap":{},"s":{"0":0,"1":0,"2":0},"f":{"0":0},"b":{}}
,"C:\\Users\\Bolu8\\Desktop\\La-fosse\\Mocktologist_Frontend\\Mocktologist\\style.js": {"path":"C:\\Users\\Bolu8\\Desktop\\La-fosse\\Mocktologist_Frontend\\Mocktologist\\style.js","statementMap":{"0":{"start":{"line":3,"column":27},"end":{"line":3,"column":30}},"1":{"start":{"line":4,"column":28},"end":{"line":4,"column":31}},"2":{"start":{"line":6,"column":26},"end":{"line":6,"column":50}},"3":{"start":{"line":8,"column":24},"end":{"line":10,"column":1}},"4":{"start":{"line":9,"column":4},"end":{"line":9,"column":46}},"5":{"start":{"line":11,"column":22},"end":{"line":13,"column":1}},"6":{"start":{"line":12,"column":4},"end":{"line":12,"column":48}},"7":{"start":{"line":14,"column":22},"end":{"line":16,"column":1}},"8":{"start":{"line":15,"column":4},"end":{"line":15,"column":57}},"9":{"start":{"line":18,"column":15},"end":{"line":161,"column":2}},"10":{"start":{"line":163,"column":0},"end":{"line":163,"column":23}}},"fnMap":{"0":{"name":"(anonymous_0)","decl":{"start":{"line":8,"column":24},"end":{"line":8,"column":25}},"loc":{"start":{"line":8,"column":34},"end":{"line":10,"column":1}},"line":8},"1":{"name":"(anonymous_1)","decl":{"start":{"line":11,"column":22},"end":{"line":11,"column":23}},"loc":{"start":{"line":11,"column":32},"end":{"line":13,"column":1}},"line":11},"2":{"name":"(anonymous_2)","decl":{"start":{"line":14,"column":22},"end":{"line":14,"column":23}},"loc":{"start":{"line":14,"column":46},"end":{"line":16,"column":1}},"line":14}},"branchMap":{"0":{"loc":{"start":{"line":14,"column":29},"end":{"line":14,"column":41}},"type":"default-arg","locations":[{"start":{"line":14,"column":38},"end":{"line":14,"column":41}}],"line":14}},"s":{"0":1,"1":1,"2":1,"3":1,"4":20,"5":1,"6":20,"7":1,"8":8,"9":1,"10":1},"f":{"0":20,"1":20,"2":8},"b":{"0":[8]},"_coverageSchema":"1a1c01bbd47fc00a2c39e90264f33305004495a9","hash":"741d1e5100db517906c422e0a96e1a1a3b10a449"}
,"C:\\Users\\Bolu8\\Desktop\\La-fosse\\Mocktologist_Frontend\\Mocktologist\\components\\index.js": {"path":"C:\\Users\\Bolu8\\Desktop\\La-fosse\\Mocktologist_Frontend\\Mocktologist\\components\\index.js","statementMap":{},"fnMap":{},"branchMap":{},"s":{},"f":{},"b":{}}
,"C:\\Users\\Bolu8\\Desktop\\La-fosse\\Mocktologist_Frontend\\Mocktologist\\hooks\\useAuth.js": {"path":"C:\\Users\\Bolu8\\Desktop\\La-fosse\\Mocktologist_Frontend\\Mocktologist\\hooks\\useAuth.js","statementMap":{"0":{"start":{"line":2,"column":20},"end":{"line":2,"column":35}},"1":{"start":{"line":4,"column":28},"end":{"line":31,"column":1}},"2":{"start":{"line":5,"column":38},"end":{"line":5,"column":48}},"3":{"start":{"line":6,"column":36},"end":{"line":6,"column":46}},"4":{"start":{"line":7,"column":30},"end":{"line":7,"column":40}},"5":{"start":{"line":8,"column":36},"end":{"line":8,"column":46}},"6":{"start":{"line":10,"column":18},"end":{"line":12,"column":5}},"7":{"start":{"line":11,"column":8},"end":{"line":11,"column":38}},"8":{"start":{"line":14,"column":19},"end":{"line":16,"column":5}},"9":{"start":{"line":15,"column":8},"end":{"line":15,"column":39}},"10":{"start":{"line":18,"column":18},"end":{"line":28,"column":5}},"11":{"start":{"line":19,"column":15},"end":{"line":26,"column":9}},"12":{"start":{"line":30,"column":4},"end":{"line":30,"column":81}},"13":{"start":{"line":33,"column":23},"end":{"line":35,"column":1}},"14":{"start":{"line":34,"column":4},"end":{"line":34,"column":35}}},"fnMap":{"0":{"name":"(anonymous_0)","decl":{"start":{"line":4,"column":28},"end":{"line":4,"column":29}},"loc":{"start":{"line":4,"column":46},"end":{"line":31,"column":1}},"line":4},"1":{"name":"(anonymous_1)","decl":{"start":{"line":10,"column":18},"end":{"line":10,"column":19}},"loc":{"start":{"line":10,"column":34},"end":{"line":12,"column":5}},"line":10},"2":{"name":"(anonymous_2)","decl":{"start":{"line":14,"column":19},"end":{"line":14,"column":20}},"loc":{"start":{"line":14,"column":25},"end":{"line":16,"column":5}},"line":14},"3":{"name":"(anonymous_3)","decl":{"start":{"line":19,"column":8},"end":{"line":19,"column":9}},"loc":{"start":{"line":19,"column":15},"end":{"line":26,"column":9}},"line":19},"4":{"name":"(anonymous_4)","decl":{"start":{"line":33,"column":23},"end":{"line":33,"column":24}},"loc":{"start":{"line":33,"column":29},"end":{"line":35,"column":1}},"line":33}},"branchMap":{},"s":{"0":0,"1":0,"2":0,"3":0,"4":0,"5":0,"6":0,"7":0,"8":0,"9":0,"10":0,"11":0,"12":0,"13":0,"14":0},"f":{"0":0,"1":0,"2":0,"3":0,"4":0},"b":{}}
,"C:\\Users\\Bolu8\\Desktop\\La-fosse\\Mocktologist_Frontend\\Mocktologist\\pages\\dash.js": {"path":"C:\\Users\\Bolu8\\Desktop\\La-fosse\\Mocktologist_Frontend\\Mocktologist\\pages\\dash.js","statementMap":{"0":{"start":{"line":5,"column":4},"end":{"line":11,"column":6}}},"fnMap":{"0":{"name":"Dash","decl":{"start":{"line":4,"column":24},"end":{"line":4,"column":28}},"loc":{"start":{"line":4,"column":31},"end":{"line":12,"column":1}},"line":4}},"branchMap":{},"s":{"0":0},"f":{"0":0},"b":{}}
,"C:\\Users\\Bolu8\\Desktop\\La-fosse\\Mocktologist_Frontend\\Mocktologist\\pages\\diary.js": {"path":"C:\\Users\\Bolu8\\Desktop\\La-fosse\\Mocktologist_Frontend\\Mocktologist\\pages\\diary.js","statementMap":{"0":{"start":{"line":5,"column":4},"end":{"line":11,"column":6}}},"fnMap":{"0":{"name":"Diary","decl":{"start":{"line":4,"column":24},"end":{"line":4,"column":29}},"loc":{"start":{"line":4,"column":32},"end":{"line":12,"column":1}},"line":4}},"branchMap":{},"s":{"0":0},"f":{"0":0},"b":{}}
,"C:\\Users\\Bolu8\\Desktop\\La-fosse\\Mocktologist_Frontend\\Mocktologist\\pages\\index.js": {"path":"C:\\Users\\Bolu8\\Desktop\\La-fosse\\Mocktologist_Frontend\\Mocktologist\\pages\\index.js","statementMap":{},"fnMap":{},"branchMap":{},"s":{},"f":{},"b":{}}
,"C:\\Users\\Bolu8\\Desktop\\La-fosse\\Mocktologist_Frontend\\Mocktologist\\pages\\landing.js": {"path":"C:\\Users\\Bolu8\\Desktop\\La-fosse\\Mocktologist_Frontend\\Mocktologist\\pages\\landing.js","statementMap":{"0":{"start":{"line":7,"column":23},"end":{"line":7,"column":38}},"1":{"start":{"line":9,"column":29},"end":{"line":11,"column":5}},"2":{"start":{"line":10,"column":8},"end":{"line":10,"column":37}},"3":{"start":{"line":13,"column":32},"end":{"line":15,"column":5}},"4":{"start":{"line":14,"column":8},"end":{"line":14,"column":37}},"5":{"start":{"line":17,"column":4},"end":{"line":40,"column":6}},"6":{"start":{"line":20,"column":106},"end":{"line":20,"column":134}}},"fnMap":{"0":{"name":"Landing","decl":{"start":{"line":6,"column":24},"end":{"line":6,"column":31}},"loc":{"start":{"line":6,"column":34},"end":{"line":41,"column":1}},"line":6},"1":{"name":"(anonymous_1)","decl":{"start":{"line":9,"column":29},"end":{"line":9,"column":30}},"loc":{"start":{"line":9,"column":35},"end":{"line":11,"column":5}},"line":9},"2":{"name":"(anonymous_2)","decl":{"start":{"line":13,"column":32},"end":{"line":13,"column":33}},"loc":{"start":{"line":13,"column":38},"end":{"line":15,"column":5}},"line":13},"3":{"name":"(anonymous_3)","decl":{"start":{"line":20,"column":100},"end":{"line":20,"column":101}},"loc":{"start":{"line":20,"column":106},"end":{"line":20,"column":134}},"line":20}},"branchMap":{},"s":{"0":3,"1":3,"2":1,"3":3,"4":1,"5":3,"6":0},"f":{"0":3,"1":1,"2":1,"3":0},"b":{},"_coverageSchema":"1a1c01bbd47fc00a2c39e90264f33305004495a9","hash":"148618f3c565323d10f27d4fc5a80f9e26253bf1"}
,"C:\\Users\\Bolu8\\Desktop\\La-fosse\\Mocktologist_Frontend\\Mocktologist\\pages\\login.js": {"path":"C:\\Users\\Bolu8\\Desktop\\La-fosse\\Mocktologist_Frontend\\Mocktologist\\pages\\login.js","statementMap":{"0":{"start":{"line":6,"column":30},"end":{"line":6,"column":39}},"1":{"start":{"line":7,"column":4},"end":{"line":21,"column":6}},"2":{"start":{"line":10,"column":106},"end":{"line":10,"column":134}},"3":{"start":{"line":15,"column":101},"end":{"line":15,"column":108}}},"fnMap":{"0":{"name":"Login","decl":{"start":{"line":5,"column":24},"end":{"line":5,"column":29}},"loc":{"start":{"line":5,"column":32},"end":{"line":22,"column":1}},"line":5},"1":{"name":"(anonymous_1)","decl":{"start":{"line":10,"column":100},"end":{"line":10,"column":101}},"loc":{"start":{"line":10,"column":106},"end":{"line":10,"column":134}},"line":10},"2":{"name":"(anonymous_2)","decl":{"start":{"line":15,"column":95},"end":{"line":15,"column":96}},"loc":{"start":{"line":15,"column":101},"end":{"line":15,"column":108}},"line":15}},"branchMap":{},"s":{"0":0,"1":0,"2":0,"3":0},"f":{"0":0,"1":0,"2":0},"b":{}}
,"C:\\Users\\Bolu8\\Desktop\\La-fosse\\Mocktologist_Frontend\\Mocktologist\\pages\\profile.js": {"path":"C:\\Users\\Bolu8\\Desktop\\La-fosse\\Mocktologist_Frontend\\Mocktologist\\pages\\profile.js","statementMap":{"0":{"start":{"line":5,"column":4},"end":{"line":11,"column":6}}},"fnMap":{"0":{"name":"Profile","decl":{"start":{"line":4,"column":24},"end":{"line":4,"column":31}},"loc":{"start":{"line":4,"column":34},"end":{"line":12,"column":1}},"line":4}},"branchMap":{},"s":{"0":0},"f":{"0":0},"b":{}}
,"C:\\Users\\Bolu8\\Desktop\\La-fosse\\Mocktologist_Frontend\\Mocktologist\\pages\\steps.js": {"path":"C:\\Users\\Bolu8\\Desktop\\La-fosse\\Mocktologist_Frontend\\Mocktologist\\pages\\steps.js","statementMap":{"0":{"start":{"line":5,"column":4},"end":{"line":11,"column":6}}},"fnMap":{"0":{"name":"Steps","decl":{"start":{"line":4,"column":24},"end":{"line":4,"column":29}},"loc":{"start":{"line":4,"column":32},"end":{"line":12,"column":1}},"line":4}},"branchMap":{},"s":{"0":0},"f":{"0":0},"b":{}}
,"C:\\Users\\Bolu8\\Desktop\\La-fosse\\Mocktologist_Frontend\\Mocktologist\\pages\\top.js": {"path":"C:\\Users\\Bolu8\\Desktop\\La-fosse\\Mocktologist_Frontend\\Mocktologist\\pages\\top.js","statementMap":{"0":{"start":{"line":5,"column":4},"end":{"line":11,"column":6}}},"fnMap":{"0":{"name":"Top","decl":{"start":{"line":4,"column":24},"end":{"line":4,"column":27}},"loc":{"start":{"line":4,"column":30},"end":{"line":12,"column":1}},"line":4}},"branchMap":{},"s":{"0":0},"f":{"0":0},"b":{}}
}
