TN:
SF:App.js
FN:5,(anonymous_0)
FNF:1
FNH:0
FNDA:0,(anonymous_0)
DA:5,0
DA:7,0
LF:2
LH:0
BRF:0
BRH:0
end_of_record
TN:
SF:Navigation.js
FN:12,(anonymous_0)
FN:13,(anonymous_1)
FN:20,(anonymous_2)
FN:23,(anonymous_3)
FN:32,(anonymous_4)
FN:35,(anonymous_5)
FN:50,(anonymous_6)
FN:66,(anonymous_7)
FN:67,(anonymous_8)
FN:75,(anonymous_9)
FN:80,(anonymous_10)
FN:95,(anonymous_11)
FN:107,(anonymous_12)
FNF:13
FNH:0
FNDA:0,(anonymous_0)
FNDA:0,(anonymous_1)
FNDA:0,(anonymous_2)
FNDA:0,(anonymous_3)
FNDA:0,(anonymous_4)
FNDA:0,(anonymous_5)
FNDA:0,(anonymous_6)
FNDA:0,(anonymous_7)
FNDA:0,(anonymous_8)
FNDA:0,(anonymous_9)
FNDA:0,(anonymous_10)
FNDA:0,(anonymous_11)
FNDA:0,(anonymous_12)
DA:10,0
DA:12,0
DA:13,0
DA:21,0
DA:23,0
DA:33,0
DA:35,0
DA:46,0
DA:50,0
DA:66,0
DA:67,0
DA:68,0
DA:71,0
DA:75,0
DA:81,0
DA:82,0
DA:84,0
DA:85,0
DA:86,0
DA:87,0
DA:88,0
DA:89,0
DA:95,0
DA:107,0
LF:24
LH:0
BRDA:81,0,0,0
BRDA:81,0,1,0
BRDA:81,1,0,0
BRDA:81,1,1,0
BRDA:81,1,2,0
BRDA:85,2,0,0
BRDA:85,2,1,0
BRDA:86,3,0,0
BRDA:86,3,1,0
BRDA:87,4,0,0
BRDA:87,4,1,0
BRDA:88,5,0,0
BRDA:88,5,1,0
BRF:13
BRH:0
end_of_record
TN:
SF:babel.config.js
FN:1,(anonymous_0)
FNF:1
FNH:0
FNDA:0,(anonymous_0)
DA:1,0
DA:2,0
DA:3,0
LF:3
LH:0
BRF:0
BRH:0
end_of_record
TN:
SF:style.js
FN:8,(anonymous_0)
FN:11,(anonymous_1)
FN:14,(anonymous_2)
FNF:3
FNH:3
FNDA:66,(anonymous_0)
FNDA:58,(anonymous_1)
FNDA:34,(anonymous_2)
DA:3,2
DA:4,2
DA:6,2
DA:8,2
DA:9,66
DA:11,2
DA:12,58
DA:14,2
DA:15,34
DA:18,2
DA:234,2
LF:11
LH:11
BRDA:14,0,0,34
BRF:1
BRH:1
end_of_record
TN:
SF:components\index.js
FNF:0
FNH:0
LF:0
LH:0
BRF:0
BRH:0
end_of_record
TN:
SF:hooks\useAuth.js
FN:4,(anonymous_0)
FN:10,(anonymous_1)
FN:14,(anonymous_2)
FN:19,(anonymous_3)
FN:33,(anonymous_4)
FNF:5
FNH:0
FNDA:0,(anonymous_0)
FNDA:0,(anonymous_1)
FNDA:0,(anonymous_2)
FNDA:0,(anonymous_3)
FNDA:0,(anonymous_4)
DA:2,1
DA:4,1
DA:5,0
DA:6,0
DA:7,0
DA:8,0
DA:10,0
DA:11,0
DA:14,0
DA:15,0
DA:18,0
DA:19,0
DA:30,0
DA:33,1
DA:34,0
LF:15
LH:3
BRF:0
BRH:0
end_of_record
TN:
SF:pages\dash.js
FN:4,Dash
FNF:1
FNH:0
FNDA:0,Dash
DA:5,0
LF:1
LH:0
BRF:0
BRH:0
end_of_record
TN:
SF:pages\diary.js
FN:4,Diary
FNF:1
FNH:0
FNDA:0,Diary
DA:5,0
LF:1
LH:0
BRF:0
BRH:0
end_of_record
TN:
SF:pages\index.js
FNF:0
FNH:0
LF:0
LH:0
BRF:0
BRH:0
end_of_record
TN:
SF:pages\landing.js
FN:6,Landing
FN:11,(anonymous_1)
FN:15,(anonymous_2)
FN:19,(anonymous_3)
FN:24,(anonymous_4)
FN:29,(anonymous_5)
FN:35,(anonymous_6)
FNF:7
FNH:3
FNDA:3,Landing
FNDA:1,(anonymous_1)
FNDA:1,(anonymous_2)
FNDA:0,(anonymous_3)
FNDA:0,(anonymous_4)
FNDA:0,(anonymous_5)
FNDA:0,(anonymous_6)
DA:7,3
DA:8,3
DA:9,3
DA:11,3
DA:12,1
DA:15,3
DA:16,1
DA:19,3
DA:20,0
DA:21,0
DA:24,3
DA:25,0
DA:26,0
DA:29,3
DA:30,0
DA:35,3
DA:36,0
DA:45,3
LF:18
LH:12
BRDA:51,0,0,3
BRDA:51,0,1,0
BRDA:52,1,0,3
BRDA:52,1,1,0
BRF:4
BRH:2
end_of_record
TN:
SF:pages\login.js
FN:5,Login
FN:29,(anonymous_1)
FNF:2
FNH:2
FNDA:4,Login
FNDA:1,(anonymous_1)
DA:6,4
DA:7,3
DA:29,1
LF:3
LH:3
BRF:0
BRH:0
end_of_record
TN:
SF:pages\profile.js
FN:4,Profile
FNF:1
FNH:0
FNDA:0,Profile
DA:5,0
LF:1
LH:0
BRF:0
BRH:0
end_of_record
TN:
SF:pages\steps.js
FN:4,Steps
FNF:1
FNH:0
FNDA:0,Steps
DA:5,0
LF:1
LH:0
BRF:0
BRH:0
end_of_record
TN:
SF:pages\top.js
FN:4,Top
FNF:1
FNH:0
FNDA:0,Top
DA:5,0
LF:1
LH:0
BRF:0
BRH:0
end_of_record
